{"meta": {"format": 3, "version": "7.13.2", "timestamp": "2026-03-09T17:39:00.563376", "branch_coverage": true, "show_contexts": false}, "files": {"src/assethold/__init__.py": {"executed_lines": [9], "summary": {"covered_lines": 1, "num_statements": 1, "percent_covered": 100.0, "percent_covered_display": "100.00", "missing_lines": 0, "excluded_lines": 0, "percent_statements_covered": 100.0, "percent_statements_covered_display": "100.00", "num_branches": 0, "num_partial_branches": 0, "covered_branches": 0, "missing_branches": 0, "percent_branches_covered": 100.0, "percent_branches_covered_display": "100.00"}, "missing_lines": [], "excluded_lines": [], "executed_branches": [], "missing_branches": [], "functions": {"": {"executed_lines": [9], "summary": {"covered_lines": 1, "num_statements": 1, "percent_covered": 100.0, "percent_covered_display": "100.00", "missing_lines": 0, "excluded_lines": 0, "percent_statements_covered": 100.0, "percent_statements_covered_display": "100.00", "num_branches": 0, "num_partial_branches": 0, "covered_branches": 0, "missing_branches": 0, "percent_branches_covered": 100.0, "percent_branches_covered_display": "100.00"}, "missing_lines": [], "excluded_lines": [], "start_line": 1, "executed_branches": [], "missing_branches": []}}, "classes": {"": {"executed_lines": [9], "summary": {"covered_lines": 1, "num_statements": 1, "percent_covered": 100.0, "percent_covered_display": "100.00", "missing_lines": 0, "excluded_lines": 0, "percent_statements_covered": 100.0, "percent_statements_covered_display": "100.00", "num_branches": 0, "num_partial_branches": 0, "covered_branches": 0, "missing_branches": 0, "percent_branches_covered": 100.0, "percent_branches_covered_display": "100.00"}, "missing_lines": [], "excluded_lines": [], "start_line": 1, "executed_branches": [], "missing_branches": []}}}, "src/assethold/analysis/__init__.py": {"executed_lines": [], "summary": {"covered_lines": 0, "num_statements": 0, "percent_covered": 100.0, "percent_covered_display": "100.00", "missing_lines": 0, "excluded_lines": 0, "percent_statements_covered": 100.0, "percent_statements_covered_display": "100.00", "num_branches": 0, "num_partial_branches": 0, "covered_branches": 0, "missing_branches": 0, "percent_branches_covered": 100.0, "percent_branches_covered_display": "100.00"}, "missing_lines": [], "excluded_lines": [], "executed_branches": [], "missing_branches": [], "functions": {"": {"executed_lines": [], "summary": {"covered_lines": 0, "num_statements": 0, "percent_covered": 100.0, "percent_covered_display": "100.00", "missing_lines": 0, "excluded_lines": 0, "percent_statements_covered": 100.0, "percent_statements_covered_display": "100.00", "num_branches": 0, "num_partial_branches": 0, "covered_branches": 0, "missing_branches": 0, "percent_branches_covered": 100.0, "percent_branches_covered_display": "100.00"}, "missing_lines": [], "excluded_lines": [], "start_line": 1, "executed_branches": [], "missing_branches": []}}, "classes": {"": {"executed_lines": [], "summary": {"covered_lines": 0, "num_statements": 0, "percent_covered": 100.0, "percent_covered_display": "100.00", "missing_lines": 0, "excluded_lines": 0, "percent_statements_covered": 100.0, "percent_statements_covered_display": "100.00", "num_branches": 0, "num_partial_branches": 0, "covered_branches": 0, "missing_branches": 0, "percent_branches_covered": 100.0, "percent_branches_covered_display": "100.00"}, "missing_lines": [], "excluded_lines": [], "start_line": 1, "executed_branches": [], "missing_branches": []}}}, "src/assethold/analysis/daily_strategy/__init__.py": {"executed_lines": [3, 4, 5, 6, 7, 8, 10], "summary": {"covered_lines": 7, "num_statements": 7, "percent_covered": 100.0, "percent_covered_display": "100.00", "missing_lines": 0, "excluded_lines": 0, "percent_statements_covered": 100.0, "percent_statements_covered_display": "100.00", "num_branches": 0, "num_partial_branches": 0, "covered_branches": 0, "missing_branches": 0, "percent_branches_covered": 100.0, "percent_branches_covered_display": "100.00"}, "missing_lines": [], "excluded_lines": [], "executed_branches": [], "missing_branches": [], "functions": {"": {"executed_lines": [3, 4, 5, 6, 7, 8, 10], "summary": {"covered_lines": 7, "num_statements": 7, "percent_covered": 100.0, "percent_covered_display": "100.00", "missing_lines": 0, "excluded_lines": 0, "percent_statements_covered": 100.0, "percent_statements_covered_display": "100.00", "num_branches": 0, "num_partial_branches": 0, "covered_branches": 0, "missing_branches": 0, "percent_branches_covered": 100.0, "percent_branches_covered_display": "100.00"}, "missing_lines": [], "excluded_lines": [], "start_line": 1, "executed_branches": [], "missing_branches": []}}, "classes": {"": {"executed_lines": [3, 4, 5, 6, 7, 8, 10], "summary": {"covered_lines": 7, "num_statements": 7, "percent_covered": 100.0, "percent_covered_display": "100.00", "missing_lines": 0, "excluded_lines": 0, "percent_statements_covered": 100.0, "percent_statements_covered_display": "100.00", "num_branches": 0, "num_partial_branches": 0, "covered_branches": 0, "missing_branches": 0, "percent_branches_covered": 100.0, "percent_branches_covered_display": "100.00"}, "missing_lines": [], "excluded_lines": [], "start_line": 1, "executed_branches": [], "missing_branches": []}}}, "src/assethold/analysis/daily_strategy/fetcher.py": {"executed_lines": [11, 13, 14, 15, 16, 17, 18, 20, 22, 23, 27, 28, 29, 32, 33, 36, 37, 38, 39, 40, 41, 42, 43, 44, 45, 46, 47, 48, 49, 50, 51, 52, 55, 58, 74, 78, 79, 80, 89, 102, 104, 105, 106, 107, 109, 110, 111, 112, 114, 115, 116, 117, 118, 119, 120, 121, 122, 123, 124, 127, 128, 131, 135, 137, 157, 163, 164, 165, 166, 167, 168, 169, 175, 186, 188, 189, 191, 192, 193, 194, 195, 197, 198, 199, 201, 202, 204, 206, 207, 208, 209, 211, 212, 213, 215, 216, 217, 218, 220, 222, 223, 225, 227, 229, 230, 231, 233, 236, 237, 238, 239, 240, 244, 246, 247, 248, 249, 251, 252, 254, 256, 257, 259, 260, 262, 263, 264, 265, 266], "summary": {"covered_lines": 129, "num_statements": 138, "percent_covered": 92.5, "percent_covered_display": "92.50", "missing_lines": 9, "excluded_lines": 0, "percent_statements_covered": 93.47826086956522, "percent_statements_covered_display": "93.48", "num_branches": 22, "num_partial_branches": 3, "covered_branches": 19, "missing_branches": 3, "percent_branches_covered": 86.36363636363636, "percent_branches_covered_display": "86.36"}, "missing_lines": [24, 25, 125, 234, 241, 242, 255, 267, 268], "excluded_lines": [], "executed_branches": [[124, 127], [164, 165], [164, 169], [192, 193], [192, 201], [197, 198], [197, 199], [211, 212], [211, 213], [215, 216], [215, 220], [229, 230], [229, 233], [233, 236], [246, 247], [246, 248], [254, 256], [262, 263], [262, 264]], "missing_branches": [[124, 125], [233, 234], [254, 255]], "functions": {"MarketDataFetcher.__init__": {"executed_lines": [74, 78, 79, 80], "summary": {"covered_lines": 4, "num_statements": 4, "percent_covered": 100.0, "percent_covered_display": "100.00", "missing_lines": 0, "excluded_lines": 0, "percent_statements_covered": 100.0, "percent_statements_covered_display": "100.00", "num_branches": 0, "num_partial_branches": 0, "covered_branches": 0, "missing_branches": 0, "percent_branches_covered": 100.0, "percent_branches_covered_display": "100.00"}, "missing_lines": [], "excluded_lines": [], "start_line": 58, "executed_branches": [], "missing_branches": []}, "MarketDataFetcher.fetch": {"executed_lines": [102, 104, 105, 106, 107, 109, 110, 111, 112, 114, 115, 116, 117, 118, 119, 120, 121, 122, 123, 124, 127, 128, 131, 135, 137], "summary": {"covered_lines": 25, "num_statements": 26, "percent_covered": 92.85714285714286, "percent_covered_display": "92.86", "missing_lines": 1, "excluded_lines": 0, "percent_statements_covered": 96.15384615384616, "percent_statements_covered_display": "96.15", "num_branches": 2, "num_partial_branches": 1, "covered_branches": 1, "missing_branches": 1, "percent_branches_covered": 50.0, "percent_branches_covered_display": "50.00"}, "missing_lines": [125], "excluded_lines": [], "start_line": 89, "executed_branches": [[124, 127]], "missing_branches": [[124, 125]]}, "MarketDataFetcher.fetch_batch": {"executed_lines": [163, 164, 165, 166, 167, 168, 169], "summary": {"covered_lines": 7, "num_statements": 7, "percent_covered": 100.0, "percent_covered_display": "100.00", "missing_lines": 0, "excluded_lines": 0, "percent_statements_covered": 100.0, "percent_statements_covered_display": "100.00", "num_branches": 2, "num_partial_branches": 0, "covered_branches": 2, "missing_branches": 0, "percent_branches_covered": 100.0, "percent_branches_covered_display": "100.00"}, "missing_lines": [], "excluded_lines": [], "start_line": 157, "executed_branches": [[164, 165], [164, 169]], "missing_branches": []}, "MarketDataFetcher._fetch_ohlcv": {"executed_lines": [186, 188, 189, 191, 192, 193, 194, 195, 197, 198, 199, 201, 202, 204, 206, 207, 208, 209, 211, 212, 213, 215, 216, 217, 218, 220, 222, 223], "summary": {"covered_lines": 28, "num_statements": 28, "percent_covered": 100.0, "percent_covered_display": "100.00", "missing_lines": 0, "excluded_lines": 0, "percent_statements_covered": 100.0, "percent_statements_covered_display": "100.00", "num_branches": 8, "num_partial_branches": 0, "covered_branches": 8, "missing_branches": 0, "percent_branches_covered": 100.0, "percent_branches_covered_display": "100.00"}, "missing_lines": [], "excluded_lines": [], "start_line": 175, "executed_branches": [[192, 193], [192, 201], [197, 198], [197, 199], [211, 212], [211, 213], [215, 216], [215, 220]], "missing_branches": []}, "MarketDataFetcher._fetch_info": {"executed_lines": [227, 229, 230, 231, 233, 236, 237, 238, 239, 240], "summary": {"covered_lines": 10, "num_statements": 13, "percent_covered": 76.47058823529412, "percent_covered_display": "76.47", "missing_lines": 3, "excluded_lines": 0, "percent_statements_covered": 76.92307692307692, "percent_statements_covered_display": "76.92", "num_branches": 4, "num_partial_branches": 1, "covered_branches": 3, "missing_branches": 1, "percent_branches_covered": 75.0, "percent_branches_covered_display": "75.00"}, "missing_lines": [234, 241, 242], "excluded_lines": [], "start_line": 225, "executed_branches": [[229, 230], [229, 233], [233, 236]], "missing_branches": [[233, 234]]}, "MarketDataFetcher._is_info_cache_valid": {"executed_lines": [246, 247, 248, 249], "summary": {"covered_lines": 4, "num_statements": 4, "percent_covered": 100.0, "percent_covered_display": "100.00", "missing_lines": 0, "excluded_lines": 0, "percent_statements_covered": 100.0, "percent_statements_covered_display": "100.00", "num_branches": 2, "num_partial_branches": 0, "covered_branches": 2, "missing_branches": 0, "percent_branches_covered": 100.0, "percent_branches_covered_display": "100.00"}, "missing_lines": [], "excluded_lines": [], "start_line": 244, "executed_branches": [[246, 247], [246, 248]], "missing_branches": []}, "MarketDataFetcher._last_valid": {"executed_lines": [254, 256, 257], "summary": {"covered_lines": 3, "num_statements": 4, "percent_covered": 66.66666666666667, "percent_covered_display": "66.67", "missing_lines": 1, "excluded_lines": 0, "percent_statements_covered": 75.0, "percent_statements_covered_display": "75.00", "num_branches": 2, "num_partial_branches": 1, "covered_branches": 1, "missing_branches": 1, "percent_branches_covered": 50.0, "percent_branches_covered_display": "50.00"}, "missing_lines": [255], "excluded_lines": [], "start_line": 252, "executed_branches": [[254, 256]], "missing_branches": [[254, 255]]}, "MarketDataFetcher._safe_float": {"executed_lines": [262, 263, 264, 265, 266], "summary": {"covered_lines": 5, "num_statements": 7, "percent_covered": 77.77777777777777, "percent_covered_display": "77.78", "missing_lines": 2, "excluded_lines": 0, "percent_statements_covered": 71.42857142857143, "percent_statements_covered_display": "71.43", "num_branches": 2, "num_partial_branches": 0, "covered_branches": 2, "missing_branches": 0, "percent_branches_covered": 100.0, "percent_branches_covered_display": "100.00"}, "missing_lines": [267, 268], "excluded_lines": [], "start_line": 260, "executed_branches": [[262, 263], [262, 264]], "missing_branches": []}, "": {"executed_lines": [11, 13, 14, 15, 16, 17, 18, 20, 22, 23, 27, 28, 29, 32, 33, 36, 37, 38, 39, 40, 41, 42, 43, 44, 45, 46, 47, 48, 49, 50, 51, 52, 55, 58, 89, 157, 175, 225, 244, 251, 252, 259, 260], "summary": {"covered_lines": 43, "num_statements": 45, "percent_covered": 95.55555555555556, "percent_covered_display": "95.56", "missing_lines": 2, "excluded_lines": 0, "percent_statements_covered": 95.55555555555556, "percent_statements_covered_display": "95.56", "num_branches": 0, "num_partial_branches": 0, "covered_branches": 0, "missing_branches": 0, "percent_branches_covered": 100.0, "percent_branches_covered_display": "100.00"}, "missing_lines": [24, 25], "excluded_lines": [], "start_line": 1, "executed_branches": [], "missing_branches": []}}, "classes": {"MarketSnapshot": {"executed_lines": [], "summary": {"covered_lines": 0, "num_statements": 0, "percent_covered": 100.0, "percent_covered_display": "100.00", "missing_lines": 0, "excluded_lines": 0, "percent_statements_covered": 100.0, "percent_statements_covered_display": "100.00", "num_branches": 0, "num_partial_branches": 0, "covered_branches": 0, "missing_branches": 0, "percent_branches_covered": 100.0, "percent_branches_covered_display": "100.00"}, "missing_lines": [], "excluded_lines": [], "start_line": 33, "executed_branches": [], "missing_branches": []}, "MarketDataFetcher": {"executed_lines": [74, 78, 79, 80, 102, 104, 105, 106, 107, 109, 110, 111, 112, 114, 115, 116, 117, 118, 119, 120, 121, 122, 123, 124, 127, 128, 131, 135, 137, 163, 164, 165, 166, 167, 168, 169, 186, 188, 189, 191, 192, 193, 194, 195, 197, 198, 199, 201, 202, 204, 206, 207, 208, 209, 211, 212, 213, 215, 216, 217, 218, 220, 222, 223, 227, 229, 230, 231, 233, 236, 237, 238, 239, 240, 246, 247, 248, 249, 254, 256, 257, 262, 263, 264, 265, 266], "summary": {"covered_lines": 86, "num_statements": 93, "percent_covered": 91.30434782608695, "percent_covered_display": "91.30", "missing_lines": 7, "excluded_lines": 0, "percent_statements_covered": 92.47311827956989, "percent_statements_covered_display": "92.47", "num_branches": 22, "num_partial_branches": 3, "covered_branches": 19, "missing_branches": 3, "percent_branches_covered": 86.36363636363636, "percent_branches_covered_display": "86.36"}, "missing_lines": [125, 234, 241, 242, 255, 267, 268], "excluded_lines": [], "start_line": 55, "executed_branches": [[124, 127], [164, 165], [164, 169], [192, 193], [192, 201], [197, 198], [197, 199], [211, 212], [211, 213], [215, 216], [215, 220], [229, 230], [229, 233], [233, 236], [246, 247], [246, 248], [254, 256], [262, 263], [262, 264]], "missing_branches": [[124, 125], [233, 234], [254, 255]]}, "": {"executed_lines": [11, 13, 14, 15, 16, 17, 18, 20, 22, 23, 27, 28, 29, 32, 33, 36, 37, 38, 39, 40, 41, 42, 43, 44, 45, 46, 47, 48, 49, 50, 51, 52, 55, 58, 89, 157, 175, 225, 244, 251, 252, 259, 260], "summary": {"covered_lines": 43, "num_statements": 45, "percent_covered": 95.55555555555556, "percent_covered_display": "95.56", "missing_lines": 2, "excluded_lines": 0, "percent_statements_covered": 95.55555555555556, "percent_statements_covered_display": "95.56", "num_branches": 0, "num_partial_branches": 0, "covered_branches": 0, "missing_branches": 0, "percent_branches_covered": 100.0, "percent_branches_covered_display": "100.00"}, "missing_lines": [24, 25], "excluded_lines": [], "start_line": 1, "executed_branches": [], "missing_branches": []}}}, "src/assethold/analysis/daily_strategy/history.py": {"executed_lines": [14, 16, 17, 18, 19, 20, 22, 25, 26, 29, 30, 31, 32, 35, 36, 39, 40, 41, 42, 43, 45, 46, 48, 50, 51, 52, 58, 66, 69, 79, 85, 91, 92, 98, 106, 107, 108, 110, 120, 121, 123, 124, 125, 127, 128, 130, 141, 142, 143, 144, 146, 150, 151, 152, 153, 154, 155, 166, 167, 173, 174, 176, 177, 179, 180, 181, 182, 183, 189, 191, 192, 193, 194, 195, 196, 197, 198, 199, 208, 209, 210, 211, 212, 213, 214, 215, 223, 224, 225], "summary": {"covered_lines": 89, "num_statements": 90, "percent_covered": 98.21428571428571, "percent_covered_display": "98.21", "missing_lines": 1, "excluded_lines": 0, "percent_statements_covered": 98.88888888888889, "percent_statements_covered_display": "98.89", "num_branches": 22, "num_partial_branches": 1, "covered_branches": 21, "missing_branches": 1, "percent_branches_covered": 95.45454545454545, "percent_branches_covered_display": "95.45"}, "missing_lines": [88], "excluded_lines": [], "executed_branches": [[85, 91], [124, 125], [124, 127], [143, 144], [143, 146], [151, 152], [151, 166], [153, 154], [153, 155], [180, 181], [180, 189], [182, 180], [182, 183], [196, 197], [196, 198], [198, -191], [198, 199], [209, 210], [209, 211], [213, 214], [213, 225]], "missing_branches": [[85, 88]], "functions": {"SignalChange.improved": {"executed_lines": [48], "summary": {"covered_lines": 1, "num_statements": 1, "percent_covered": 100.0, "percent_covered_display": "100.00", "missing_lines": 0, "excluded_lines": 0, "percent_statements_covered": 100.0, "percent_statements_covered_display": "100.00", "num_branches": 0, "num_partial_branches": 0, "covered_branches": 0, "missing_branches": 0, "percent_branches_covered": 100.0, "percent_branches_covered_display": "100.00"}, "missing_lines": [], "excluded_lines": [], "start_line": 46, "executed_branches": [], "missing_branches": []}, "SignalChange.format": {"executed_lines": [51, 52], "summary": {"covered_lines": 2, "num_statements": 2, "percent_covered": 100.0, "percent_covered_display": "100.00", "missing_lines": 0, "excluded_lines": 0, "percent_statements_covered": 100.0, "percent_statements_covered_display": "100.00", "num_branches": 0, "num_partial_branches": 0, "covered_branches": 0, "missing_branches": 0, "percent_branches_covered": 100.0, "percent_branches_covered_display": "100.00"}, "missing_lines": [], "excluded_lines": [], "start_line": 50, "executed_branches": [], "missing_branches": []}, "HistoryStore.__init__": {"executed_lines": [85, 91, 92], "summary": {"covered_lines": 3, "num_statements": 4, "percent_covered": 66.66666666666667, "percent_covered_display": "66.67", "missing_lines": 1, "excluded_lines": 0, "percent_statements_covered": 75.0, "percent_statements_covered_display": "75.00", "num_branches": 2, "num_partial_branches": 1, "covered_branches": 1, "missing_branches": 1, "percent_branches_covered": 50.0, "percent_branches_covered_display": "50.00"}, "missing_lines": [88], "excluded_lines": [], "start_line": 79, "executed_branches": [[85, 91]], "missing_branches": [[85, 88]]}, "HistoryStore.record": {"executed_lines": [106, 107, 108], "summary": {"covered_lines": 3, "num_statements": 3, "percent_covered": 100.0, "percent_covered_display": "100.00", "missing_lines": 0, "excluded_lines": 0, "percent_statements_covered": 100.0, "percent_statements_covered_display": "100.00", "num_branches": 0, "num_partial_branches": 0, "covered_branches": 0, "missing_branches": 0, "percent_branches_covered": 100.0, "percent_branches_covered_display": "100.00"}, "missing_lines": [], "excluded_lines": [], "start_line": 98, "executed_branches": [], "missing_branches": []}, "HistoryStore.previous": {"executed_lines": [120, 121, 123, 124, 125, 127, 128], "summary": {"covered_lines": 7, "num_statements": 7, "percent_covered": 100.0, "percent_covered_display": "100.00", "missing_lines": 0, "excluded_lines": 0, "percent_statements_covered": 100.0, "percent_statements_covered_display": "100.00", "num_branches": 2, "num_partial_branches": 0, "covered_branches": 2, "missing_branches": 0, "percent_branches_covered": 100.0, "percent_branches_covered_display": "100.00"}, "missing_lines": [], "excluded_lines": [], "start_line": 110, "executed_branches": [[124, 125], [124, 127]], "missing_branches": []}, "HistoryStore.changes": {"executed_lines": [141, 142, 143, 144, 146, 150, 151, 152, 153, 154, 155, 166, 167], "summary": {"covered_lines": 13, "num_statements": 13, "percent_covered": 100.0, "percent_covered_display": "100.00", "missing_lines": 0, "excluded_lines": 0, "percent_statements_covered": 100.0, "percent_statements_covered_display": "100.00", "num_branches": 6, "num_partial_branches": 0, "covered_branches": 6, "missing_branches": 0, "percent_branches_covered": 100.0, "percent_branches_covered_display": "100.00"}, "missing_lines": [], "excluded_lines": [], "start_line": 130, "executed_branches": [[143, 144], [143, 146], [151, 152], [151, 166], [153, 154], [153, 155]], "missing_branches": []}, "HistoryStore._combine": {"executed_lines": [176, 177, 179, 180, 181, 182, 183, 189], "summary": {"covered_lines": 8, "num_statements": 8, "percent_covered": 100.0, "percent_covered_display": "100.00", "missing_lines": 0, "excluded_lines": 0, "percent_statements_covered": 100.0, "percent_statements_covered_display": "100.00", "num_branches": 4, "num_partial_branches": 0, "covered_branches": 4, "missing_branches": 0, "percent_branches_covered": 100.0, "percent_branches_covered_display": "100.00"}, "missing_lines": [], "excluded_lines": [], "start_line": 174, "executed_branches": [[180, 181], [180, 189], [182, 180], [182, 183]], "missing_branches": []}, "HistoryStore._append": {"executed_lines": [192, 193, 194, 195, 196, 197, 198, 199], "summary": {"covered_lines": 8, "num_statements": 8, "percent_covered": 100.0, "percent_covered_display": "100.00", "missing_lines": 0, "excluded_lines": 0, "percent_statements_covered": 100.0, "percent_statements_covered_display": "100.00", "num_branches": 4, "num_partial_branches": 0, "covered_branches": 4, "missing_branches": 0, "percent_branches_covered": 100.0, "percent_branches_covered_display": "100.00"}, "missing_lines": [], "excluded_lines": [], "start_line": 191, "executed_branches": [[196, 197], [196, 198], [198, -191], [198, 199]], "missing_branches": []}, "HistoryStore._load": {"executed_lines": [209, 210, 211, 212, 213, 214, 215, 223, 224, 225], "summary": {"covered_lines": 10, "num_statements": 10, "percent_covered": 100.0, "percent_covered_display": "100.00", "missing_lines": 0, "excluded_lines": 0, "percent_statements_covered": 100.0, "percent_statements_covered_display": "100.00", "num_branches": 4, "num_partial_branches": 0, "covered_branches": 4, "missing_branches": 0, "percent_branches_covered": 100.0, "percent_branches_covered_display": "100.00"}, "missing_lines": [], "excluded_lines": [], "start_line": 208, "executed_branches": [[209, 210], [209, 211], [213, 214], [213, 225]], "missing_branches": []}, "": {"executed_lines": [14, 16, 17, 18, 19, 20, 22, 25, 26, 29, 30, 31, 32, 35, 36, 39, 40, 41, 42, 43, 45, 46, 50, 58, 66, 69, 79, 98, 110, 130, 173, 174, 191, 208], "summary": {"covered_lines": 34, "num_statements": 34, "percent_covered": 100.0, "percent_covered_display": "100.00", "missing_lines": 0, "excluded_lines": 0, "percent_statements_covered": 100.0, "percent_statements_covered_display": "100.00", "num_branches": 0, "num_partial_branches": 0, "covered_branches": 0, "missing_branches": 0, "percent_branches_covered": 100.0, "percent_branches_covered_display": "100.00"}, "missing_lines": [], "excluded_lines": [], "start_line": 1, "executed_branches": [], "missing_branches": []}}, "classes": {"SignalRecord": {"executed_lines": [], "summary": {"covered_lines": 0, "num_statements": 0, "percent_covered": 100.0, "percent_covered_display": "100.00", "missing_lines": 0, "excluded_lines": 0, "percent_statements_covered": 100.0, "percent_statements_covered_display": "100.00", "num_branches": 0, "num_partial_branches": 0, "covered_branches": 0, "missing_branches": 0, "percent_branches_covered": 100.0, "percent_branches_covered_display": "100.00"}, "missing_lines": [], "excluded_lines": [], "start_line": 26, "executed_branches": [], "missing_branches": []}, "SignalChange": {"executed_lines": [48, 51, 52], "summary": {"covered_lines": 3, "num_statements": 3, "percent_covered": 100.0, "percent_covered_display": "100.00", "missing_lines": 0, "excluded_lines": 0, "percent_statements_covered": 100.0, "percent_statements_covered_display": "100.00", "num_branches": 0, "num_partial_branches": 0, "covered_branches": 0, "missing_branches": 0, "percent_branches_covered": 100.0, "percent_branches_covered_display": "100.00"}, "missing_lines": [], "excluded_lines": [], "start_line": 36, "executed_branches": [], "missing_branches": []}, "HistoryStore": {"executed_lines": [85, 91, 92, 106, 107, 108, 120, 121, 123, 124, 125, 127, 128, 141, 142, 143, 144, 146, 150, 151, 152, 153, 154, 155, 166, 167, 176, 177, 179, 180, 181, 182, 183, 189, 192, 193, 194, 195, 196, 197, 198, 199, 209, 210, 211, 212, 213, 214, 215, 223, 224, 225], "summary": {"covered_lines": 52, "num_statements": 53, "percent_covered": 97.33333333333333, "percent_covered_display": "97.33", "missing_lines": 1, "excluded_lines": 0, "percent_statements_covered": 98.11320754716981, "percent_statements_covered_display": "98.11", "num_branches": 22, "num_partial_branches": 1, "covered_branches": 21, "missing_branches": 1, "percent_branches_covered": 95.45454545454545, "percent_branches_covered_display": "95.45"}, "missing_lines": [88], "excluded_lines": [], "start_line": 69, "executed_branches": [[85, 91], [124, 125], [124, 127], [143, 144], [143, 146], [151, 152], [151, 166], [153, 154], [153, 155], [180, 181], [180, 189], [182, 180], [182, 183], [196, 197], [196, 198], [198, -191], [198, 199], [209, 210], [209, 211], [213, 214], [213, 225]], "missing_branches": [[85, 88]]}, "": {"executed_lines": [14, 16, 17, 18, 19, 20, 22, 25, 26, 29, 30, 31, 32, 35, 36, 39, 40, 41, 42, 43, 45, 46, 50, 58, 66, 69, 79, 98, 110, 130, 173, 174, 191, 208], "summary": {"covered_lines": 34, "num_statements": 34, "percent_covered": 100.0, "percent_covered_display": "100.00", "missing_lines": 0, "excluded_lines": 0, "percent_statements_covered": 100.0, "percent_statements_covered_display": "100.00", "num_branches": 0, "num_partial_branches": 0, "covered_branches": 0, "missing_branches": 0, "percent_branches_covered": 100.0, "percent_branches_covered_display": "100.00"}, "missing_lines": [], "excluded_lines": [], "start_line": 1, "executed_branches": [], "missing_branches": []}}}, "src/assethold/analysis/daily_strategy/html_report.py": {"executed_lines": [19, 21, 22, 23, 24, 25, 27, 28, 34, 42, 50, 63, 65, 66, 73, 76, 82, 86, 92, 112, 113, 115, 119, 129, 130, 132, 134, 135, 136, 138, 140, 148, 149, 150, 151, 152, 157, 163, 164, 165, 297, 298, 300, 301, 307, 308, 320, 326, 327, 330, 331, 332, 333, 335, 360, 361, 362, 363, 371, 380, 383, 384, 394, 404, 416, 417, 418, 420, 421, 423, 426, 443, 453, 454, 460, 476, 480, 481, 490, 504, 505, 506, 507, 508, 509, 516, 517, 525, 527, 543, 544, 546, 547, 549, 551, 564, 580, 586, 587, 588, 590, 591, 592, 593, 603, 615, 616, 617, 619, 631, 632, 633, 649, 650, 651, 652, 661, 679, 682, 683, 684, 685, 686, 688, 689, 690, 691, 693, 695, 696, 697, 698, 699, 705, 718, 728, 729, 744, 755, 761, 769, 770, 776, 777, 783, 789, 790, 800, 801, 802, 804, 805, 806, 808], "summary": {"covered_lines": 154, "num_statements": 163, "percent_covered": 91.62303664921465, "percent_covered_display": "91.62", "missing_lines": 9, "excluded_lines": 0, "percent_statements_covered": 94.47852760736197, "percent_statements_covered_display": "94.48", "num_branches": 28, "num_partial_branches": 7, "covered_branches": 21, "missing_branches": 7, "percent_branches_covered": 75.0, "percent_branches_covered_display": "75.00"}, "missing_lines": [85, 422, 510, 548, 687, 809, 810, 811, 813], "excluded_lines": [], "executed_branches": [[82, 86], [129, 130], [129, 132], [331, 332], [361, 362], [361, 383], [362, 363], [362, 380], [421, 423], [507, 508], [507, 527], [509, 516], [547, 549], [587, 588], [587, 590], [591, 592], [591, 615], [685, 686], [685, 718], [686, 688], [696, 697]], "missing_branches": [[82, 85], [331, 335], [421, 422], [509, 510], [547, 548], [686, 687], [696, 705]], "functions": {"_plotly_json": {"executed_lines": [65, 66], "summary": {"covered_lines": 2, "num_statements": 2, "percent_covered": 100.0, "percent_covered_display": "100.00", "missing_lines": 0, "excluded_lines": 0, "percent_statements_covered": 100.0, "percent_statements_covered_display": "100.00", "num_branches": 0, "num_partial_branches": 0, "covered_branches": 0, "missing_branches": 0, "percent_branches_covered": 100.0, "percent_branches_covered_display": "100.00"}, "missing_lines": [], "excluded_lines": [], "start_line": 63, "executed_branches": [], "missing_branches": []}, "DailyStrategyHtmlReport.__init__": {"executed_lines": [82, 86], "summary": {"covered_lines": 2, "num_statements": 3, "percent_covered": 60.0, "percent_covered_display": "60.00", "missing_lines": 1, "excluded_lines": 0, "percent_statements_covered": 66.66666666666667, "percent_statements_covered_display": "66.67", "num_branches": 2, "num_partial_branches": 1, "covered_branches": 1, "missing_branches": 1, "percent_branches_covered": 50.0, "percent_branches_covered_display": "50.00"}, "missing_lines": [85], "excluded_lines": [], "start_line": 76, "executed_branches": [[82, 86]], "missing_branches": [[82, 85]]}, "DailyStrategyHtmlReport.generate": {"executed_lines": [112, 113, 115, 119, 129, 130, 132, 134, 135, 136, 138], "summary": {"covered_lines": 11, "num_statements": 11, "percent_covered": 100.0, "percent_covered_display": "100.00", "missing_lines": 0, "excluded_lines": 0, "percent_statements_covered": 100.0, "percent_statements_covered_display": "100.00", "num_branches": 2, "num_partial_branches": 0, "covered_branches": 2, "missing_branches": 0, "percent_branches_covered": 100.0, "percent_branches_covered_display": "100.00"}, "missing_lines": [], "excluded_lines": [], "start_line": 92, "executed_branches": [[129, 130], [129, 132]], "missing_branches": []}, "DailyStrategyHtmlReport.write": {"executed_lines": [148, 149, 150, 151, 152, 157], "summary": {"covered_lines": 6, "num_statements": 6, "percent_covered": 100.0, "percent_covered_display": "100.00", "missing_lines": 0, "excluded_lines": 0, "percent_statements_covered": 100.0, "percent_statements_covered_display": "100.00", "num_branches": 0, "num_partial_branches": 0, "covered_branches": 0, "missing_branches": 0, "percent_branches_covered": 100.0, "percent_branches_covered_display": "100.00"}, "missing_lines": [], "excluded_lines": [], "start_line": 140, "executed_branches": [], "missing_branches": []}, "DailyStrategyHtmlReport._head": {"executed_lines": [164, 165], "summary": {"covered_lines": 2, "num_statements": 2, "percent_covered": 100.0, "percent_covered_display": "100.00", "missing_lines": 0, "excluded_lines": 0, "percent_statements_covered": 100.0, "percent_statements_covered_display": "100.00", "num_branches": 0, "num_partial_branches": 0, "covered_branches": 0, "missing_branches": 0, "percent_branches_covered": 100.0, "percent_branches_covered_display": "100.00"}, "missing_lines": [], "excluded_lines": [], "start_line": 163, "executed_branches": [], "missing_branches": []}, "DailyStrategyHtmlReport._body_open": {"executed_lines": [298], "summary": {"covered_lines": 1, "num_statements": 1, "percent_covered": 100.0, "percent_covered_display": "100.00", "missing_lines": 0, "excluded_lines": 0, "percent_statements_covered": 100.0, "percent_statements_covered_display": "100.00", "num_branches": 0, "num_partial_branches": 0, "covered_branches": 0, "missing_branches": 0, "percent_branches_covered": 100.0, "percent_branches_covered_display": "100.00"}, "missing_lines": [], "excluded_lines": [], "start_line": 297, "executed_branches": [], "missing_branches": []}, "DailyStrategyHtmlReport._body_close": {"executed_lines": [301], "summary": {"covered_lines": 1, "num_statements": 1, "percent_covered": 100.0, "percent_covered_display": "100.00", "missing_lines": 0, "excluded_lines": 0, "percent_statements_covered": 100.0, "percent_statements_covered_display": "100.00", "num_branches": 0, "num_partial_branches": 0, "covered_branches": 0, "missing_branches": 0, "percent_branches_covered": 100.0, "percent_branches_covered_display": "100.00"}, "missing_lines": [], "excluded_lines": [], "start_line": 300, "executed_branches": [], "missing_branches": []}, "DailyStrategyHtmlReport._header": {"executed_lines": [308], "summary": {"covered_lines": 1, "num_statements": 1, "percent_covered": 100.0, "percent_covered_display": "100.00", "missing_lines": 0, "excluded_lines": 0, "percent_statements_covered": 100.0, "percent_statements_covered_display": "100.00", "num_branches": 0, "num_partial_branches": 0, "covered_branches": 0, "missing_branches": 0, "percent_branches_covered": 100.0, "percent_branches_covered_display": "100.00"}, "missing_lines": [], "excluded_lines": [], "start_line": 307, "executed_branches": [], "missing_branches": []}, "DailyStrategyHtmlReport._section_summary": {"executed_lines": [326, 327, 330, 331, 332, 333, 335, 360, 361, 362, 363, 371, 380, 383, 384, 394, 404], "summary": {"covered_lines": 17, "num_statements": 17, "percent_covered": 95.65217391304348, "percent_covered_display": "95.65", "missing_lines": 0, "excluded_lines": 0, "percent_statements_covered": 100.0, "percent_statements_covered_display": "100.00", "num_branches": 6, "num_partial_branches": 1, "covered_branches": 5, "missing_branches": 1, "percent_branches_covered": 83.33333333333333, "percent_branches_covered_display": "83.33"}, "missing_lines": [], "excluded_lines": [], "start_line": 320, "executed_branches": [[331, 332], [361, 362], [361, 383], [362, 363], [362, 380]], "missing_branches": [[331, 335]]}, "DailyStrategyHtmlReport._section_technical": {"executed_lines": [417, 418, 420, 426, 443, 453, 454, 460, 476, 480, 481, 490], "summary": {"covered_lines": 12, "num_statements": 12, "percent_covered": 100.0, "percent_covered_display": "100.00", "missing_lines": 0, "excluded_lines": 0, "percent_statements_covered": 100.0, "percent_statements_covered_display": "100.00", "num_branches": 0, "num_partial_branches": 0, "covered_branches": 0, "missing_branches": 0, "percent_branches_covered": 100.0, "percent_branches_covered_display": "100.00"}, "missing_lines": [], "excluded_lines": [], "start_line": 416, "executed_branches": [], "missing_branches": []}, "DailyStrategyHtmlReport._section_technical.pct_from_sma": {"executed_lines": [421, 423], "summary": {"covered_lines": 2, "num_statements": 3, "percent_covered": 60.0, "percent_covered_display": "60.00", "missing_lines": 1, "excluded_lines": 0, "percent_statements_covered": 66.66666666666667, "percent_statements_covered_display": "66.67", "num_branches": 2, "num_partial_branches": 1, "covered_branches": 1, "missing_branches": 1, "percent_branches_covered": 50.0, "percent_branches_covered_display": "50.00"}, "missing_lines": [422], "excluded_lines": [], "start_line": 420, "executed_branches": [[421, 423]], "missing_branches": [[421, 422]]}, "DailyStrategyHtmlReport._section_insider": {"executed_lines": [505, 506, 507, 508, 509, 516, 517, 525, 527], "summary": {"covered_lines": 9, "num_statements": 10, "percent_covered": 85.71428571428571, "percent_covered_display": "85.71", "missing_lines": 1, "excluded_lines": 0, "percent_statements_covered": 90.0, "percent_statements_covered_display": "90.00", "num_branches": 4, "num_partial_branches": 1, "covered_branches": 3, "missing_branches": 1, "percent_branches_covered": 75.0, "percent_branches_covered_display": "75.00"}, "missing_lines": [510], "excluded_lines": [], "start_line": 504, "executed_branches": [[507, 508], [507, 527], [509, 516]], "missing_branches": [[509, 510]]}, "DailyStrategyHtmlReport._section_fundamentals": {"executed_lines": [544, 546, 551, 564], "summary": {"covered_lines": 4, "num_statements": 4, "percent_covered": 100.0, "percent_covered_display": "100.00", "missing_lines": 0, "excluded_lines": 0, "percent_statements_covered": 100.0, "percent_statements_covered_display": "100.00", "num_branches": 0, "num_partial_branches": 0, "covered_branches": 0, "missing_branches": 0, "percent_branches_covered": 100.0, "percent_branches_covered_display": "100.00"}, "missing_lines": [], "excluded_lines": [], "start_line": 543, "executed_branches": [], "missing_branches": []}, "DailyStrategyHtmlReport._section_fundamentals.fmt_float": {"executed_lines": [547, 549], "summary": {"covered_lines": 2, "num_statements": 3, "percent_covered": 60.0, "percent_covered_display": "60.00", "missing_lines": 1, "excluded_lines": 0, "percent_statements_covered": 66.66666666666667, "percent_statements_covered_display": "66.67", "num_branches": 2, "num_partial_branches": 1, "covered_branches": 1, "missing_branches": 1, "percent_branches_covered": 50.0, "percent_branches_covered_display": "50.00"}, "missing_lines": [548], "excluded_lines": [], "start_line": 546, "executed_branches": [[547, 549]], "missing_branches": [[547, 548]]}, "DailyStrategyHtmlReport._section_portfolio": {"executed_lines": [586, 587, 588, 590, 591, 592, 593, 603, 615, 616, 617, 619], "summary": {"covered_lines": 12, "num_statements": 12, "percent_covered": 100.0, "percent_covered_display": "100.00", "missing_lines": 0, "excluded_lines": 0, "percent_statements_covered": 100.0, "percent_statements_covered_display": "100.00", "num_branches": 4, "num_partial_branches": 0, "covered_branches": 4, "missing_branches": 0, "percent_branches_covered": 100.0, "percent_branches_covered_display": "100.00"}, "missing_lines": [], "excluded_lines": [], "start_line": 580, "executed_branches": [[587, 588], [587, 590], [591, 592], [591, 615]], "missing_branches": []}, "DailyStrategyHtmlReport._section_comparison_matrix": {"executed_lines": [632, 633, 649, 650, 651, 652, 661], "summary": {"covered_lines": 7, "num_statements": 7, "percent_covered": 100.0, "percent_covered_display": "100.00", "missing_lines": 0, "excluded_lines": 0, "percent_statements_covered": 100.0, "percent_statements_covered_display": "100.00", "num_branches": 0, "num_partial_branches": 0, "covered_branches": 0, "missing_branches": 0, "percent_branches_covered": 100.0, "percent_branches_covered_display": "100.00"}, "missing_lines": [], "excluded_lines": [], "start_line": 631, "executed_branches": [], "missing_branches": []}, "DailyStrategyHtmlReport._section_signal_details": {"executed_lines": [682, 683, 684, 685, 686, 688, 689, 690, 691, 693, 695, 696, 697, 698, 699, 705, 718], "summary": {"covered_lines": 17, "num_statements": 18, "percent_covered": 87.5, "percent_covered_display": "87.50", "missing_lines": 1, "excluded_lines": 0, "percent_statements_covered": 94.44444444444444, "percent_statements_covered_display": "94.44", "num_branches": 6, "num_partial_branches": 2, "covered_branches": 4, "missing_branches": 2, "percent_branches_covered": 66.66666666666667, "percent_branches_covered_display": "66.67"}, "missing_lines": [687], "excluded_lines": [], "start_line": 679, "executed_branches": [[685, 686], [685, 718], [686, 688], [696, 697]], "missing_branches": [[686, 687], [696, 705]]}, "DailyStrategyHtmlReport._footer": {"executed_lines": [729], "summary": {"covered_lines": 1, "num_statements": 1, "percent_covered": 100.0, "percent_covered_display": "100.00", "missing_lines": 0, "excluded_lines": 0, "percent_statements_covered": 100.0, "percent_statements_covered_display": "100.00", "num_branches": 0, "num_partial_branches": 0, "covered_branches": 0, "missing_branches": 0, "percent_branches_covered": 100.0, "percent_branches_covered_display": "100.00"}, "missing_lines": [], "excluded_lines": [], "start_line": 728, "executed_branches": [], "missing_branches": []}, "DailyStrategyHtmlReport._bar_chart": {"executed_lines": [755, 761, 769, 770], "summary": {"covered_lines": 4, "num_statements": 4, "percent_covered": 100.0, "percent_covered_display": "100.00", "missing_lines": 0, "excluded_lines": 0, "percent_statements_covered": 100.0, "percent_statements_covered_display": "100.00", "num_branches": 0, "num_partial_branches": 0, "covered_branches": 0, "missing_branches": 0, "percent_branches_covered": 100.0, "percent_branches_covered_display": "100.00"}, "missing_lines": [], "excluded_lines": [], "start_line": 744, "executed_branches": [], "missing_branches": []}, "DailyStrategyHtmlReport._pie_chart": {"executed_lines": [777, 783, 789, 790], "summary": {"covered_lines": 4, "num_statements": 4, "percent_covered": 100.0, "percent_covered_display": "100.00", "missing_lines": 0, "excluded_lines": 0, "percent_statements_covered": 100.0, "percent_statements_covered_display": "100.00", "num_branches": 0, "num_partial_branches": 0, "covered_branches": 0, "missing_branches": 0, "percent_branches_covered": 100.0, "percent_branches_covered_display": "100.00"}, "missing_lines": [], "excluded_lines": [], "start_line": 776, "executed_branches": [], "missing_branches": []}, "DailyStrategyHtmlReport._signal_badge": {"executed_lines": [801, 802], "summary": {"covered_lines": 2, "num_statements": 2, "percent_covered": 100.0, "percent_covered_display": "100.00", "missing_lines": 0, "excluded_lines": 0, "percent_statements_covered": 100.0, "percent_statements_covered_display": "100.00", "num_branches": 0, "num_partial_branches": 0, "covered_branches": 0, "missing_branches": 0, "percent_branches_covered": 100.0, "percent_branches_covered_display": "100.00"}, "missing_lines": [], "excluded_lines": [], "start_line": 800, "executed_branches": [], "missing_branches": []}, "DailyStrategyHtmlReport._insider_badge": {"executed_lines": [805, 806], "summary": {"covered_lines": 2, "num_statements": 2, "percent_covered": 100.0, "percent_covered_display": "100.00", "missing_lines": 0, "excluded_lines": 0, "percent_statements_covered": 100.0, "percent_statements_covered_display": "100.00", "num_branches": 0, "num_partial_branches": 0, "covered_branches": 0, "missing_branches": 0, "percent_branches_covered": 100.0, "percent_branches_covered_display": "100.00"}, "missing_lines": [], "excluded_lines": [], "start_line": 804, "executed_branches": [], "missing_branches": []}, "DailyStrategyHtmlReport._trend_badge": {"executed_lines": [], "summary": {"covered_lines": 0, "num_statements": 4, "percent_covered": 0.0, "percent_covered_display": "0.00", "missing_lines": 4, "excluded_lines": 0, "percent_statements_covered": 0.0, "percent_statements_covered_display": "0.00", "num_branches": 0, "num_partial_branches": 0, "covered_branches": 0, "missing_branches": 0, "percent_branches_covered": 100.0, "percent_branches_covered_display": "100.00"}, "missing_lines": [809, 810, 811, 813], "excluded_lines": [], "start_line": 808, "executed_branches": [], "missing_branches": []}, "": {"executed_lines": [19, 21, 22, 23, 24, 25, 27, 28, 34, 42, 50, 63, 73, 76, 92, 140, 163, 297, 300, 307, 320, 416, 504, 543, 580, 631, 679, 728, 744, 776, 800, 804, 808], "summary": {"covered_lines": 33, "num_statements": 33, "percent_covered": 100.0, "percent_covered_display": "100.00", "missing_lines": 0, "excluded_lines": 0, "percent_statements_covered": 100.0, "percent_statements_covered_display": "100.00", "num_branches": 0, "num_partial_branches": 0, "covered_branches": 0, "missing_branches": 0, "percent_branches_covered": 100.0, "percent_branches_covered_display": "100.00"}, "missing_lines": [], "excluded_lines": [], "start_line": 1, "executed_branches": [], "missing_branches": []}}, "classes": {"DailyStrategyHtmlReport": {"executed_lines": [82, 86, 112, 113, 115, 119, 129, 130, 132, 134, 135, 136, 138, 148, 149, 150, 151, 152, 157, 164, 165, 298, 301, 308, 326, 327, 330, 331, 332, 333, 335, 360, 361, 362, 363, 371, 380, 383, 384, 394, 404, 417, 418, 420, 421, 423, 426, 443, 453, 454, 460, 476, 480, 481, 490, 505, 506, 507, 508, 509, 516, 517, 525, 527, 544, 546, 547, 549, 551, 564, 586, 587, 588, 590, 591, 592, 593, 603, 615, 616, 617, 619, 632, 633, 649, 650, 651, 652, 661, 682, 683, 684, 685, 686, 688, 689, 690, 691, 693, 695, 696, 697, 698, 699, 705, 718, 729, 755, 761, 769, 770, 777, 783, 789, 790, 801, 802, 805, 806], "summary": {"covered_lines": 119, "num_statements": 128, "percent_covered": 89.74358974358974, "percent_covered_display": "89.74", "missing_lines": 9, "excluded_lines": 0, "percent_statements_covered": 92.96875, "percent_statements_covered_display": "92.97", "num_branches": 28, "num_partial_branches": 7, "covered_branches": 21, "missing_branches": 7, "percent_branches_covered": 75.0, "percent_branches_covered_display": "75.00"}, "missing_lines": [85, 422, 510, 548, 687, 809, 810, 811, 813], "excluded_lines": [], "start_line": 73, "executed_branches": [[82, 86], [129, 130], [129, 132], [331, 332], [361, 362], [361, 383], [362, 363], [362, 380], [421, 423], [507, 508], [507, 527], [509, 516], [547, 549], [587, 588], [587, 590], [591, 592], [591, 615], [685, 686], [685, 718], [686, 688], [696, 697]], "missing_branches": [[82, 85], [331, 335], [421, 422], [509, 510], [547, 548], [686, 687], [696, 705]]}, "": {"executed_lines": [19, 21, 22, 23, 24, 25, 27, 28, 34, 42, 50, 63, 65, 66, 73, 76, 92, 140, 163, 297, 300, 307, 320, 416, 504, 543, 580, 631, 679, 728, 744, 776, 800, 804, 808], "summary": {"covered_lines": 35, "num_statements": 35, "percent_covered": 100.0, "percent_covered_display": "100.00", "missing_lines": 0, "excluded_lines": 0, "percent_statements_covered": 100.0, "percent_statements_covered_display": "100.00", "num_branches": 0, "num_partial_branches": 0, "covered_branches": 0, "missing_branches": 0, "percent_branches_covered": 100.0, "percent_branches_covered_display": "100.00"}, "missing_lines": [], "excluded_lines": [], "start_line": 1, "executed_branches": [], "missing_branches": []}}}, "src/assethold/analysis/daily_strategy/insider.py": {"executed_lines": [15, 17, 18, 19, 20, 21, 23, 25, 26, 32, 33, 36, 39, 40, 43, 44, 45, 46, 47, 48, 49, 52, 55, 67, 68, 69, 71, 77, 78, 80, 81, 91, 97, 99, 101, 102, 104, 106, 107, 109, 111, 113, 115, 116, 117, 118, 119, 120, 124, 126, 129, 132, 133, 134, 136, 137, 148, 149, 152, 153, 155, 158, 160, 162, 163, 164, 165, 166, 167, 170, 171, 172, 174, 175, 177, 178, 184, 185, 186, 187, 188, 190, 191, 193, 207, 208, 209, 210, 212, 213, 214, 215, 216, 218, 219, 220, 221, 222, 226, 227, 228, 229, 237, 238, 239, 240, 241, 242, 243, 244, 246, 247, 248, 249, 250, 252, 253, 255, 256, 257, 258, 260, 261, 262, 263, 264, 265, 266, 267, 268, 269, 270, 271, 272, 273, 274, 275], "summary": {"covered_lines": 137, "num_statements": 147, "percent_covered": 92.3076923076923, "percent_covered_display": "92.31", "missing_lines": 10, "excluded_lines": 0, "percent_statements_covered": 93.19727891156462, "percent_statements_covered_display": "93.20", "num_branches": 48, "num_partial_branches": 5, "covered_branches": 43, "missing_branches": 5, "percent_branches_covered": 89.58333333333333, "percent_branches_covered_display": "89.58"}, "missing_lines": [27, 28, 114, 121, 122, 156, 223, 224, 230, 231], "excluded_lines": [], "executed_branches": [[80, 81], [80, 91], [101, 102], [101, 104], [106, 107], [106, 109], [113, 115], [118, 119], [118, 120], [136, 137], [136, 148], [155, 158], [163, 164], [165, 166], [185, 186], [208, 209], [208, 210], [213, 214], [213, 215], [239, 240], [239, 241], [241, 242], [241, 243], [243, 244], [243, 246], [246, 247], [246, 248], [248, 249], [248, 250], [255, 256], [255, 258], [256, 255], [256, 257], [263, 264], [263, 265], [265, 266], [265, 267], [267, 268], [267, 269], [270, 271], [270, 273], [273, 274], [273, 275]], "missing_branches": [[113, 114], [155, 156], [163, 170], [165, 170], [185, 190]], "functions": {"InsiderFetcher.__init__": {"executed_lines": [67, 68, 69], "summary": {"covered_lines": 3, "num_statements": 3, "percent_covered": 100.0, "percent_covered_display": "100.00", "missing_lines": 0, "excluded_lines": 0, "percent_statements_covered": 100.0, "percent_statements_covered_display": "100.00", "num_branches": 0, "num_partial_branches": 0, "covered_branches": 0, "missing_branches": 0, "percent_branches_covered": 100.0, "percent_branches_covered_display": "100.00"}, "missing_lines": [], "excluded_lines": [], "start_line": 55, "executed_branches": [], "missing_branches": []}, "InsiderFetcher.fetch": {"executed_lines": [77, 78, 80, 81, 91], "summary": {"covered_lines": 5, "num_statements": 5, "percent_covered": 100.0, "percent_covered_display": "100.00", "missing_lines": 0, "excluded_lines": 0, "percent_statements_covered": 100.0, "percent_statements_covered_display": "100.00", "num_branches": 2, "num_partial_branches": 0, "covered_branches": 2, "missing_branches": 0, "percent_branches_covered": 100.0, "percent_branches_covered_display": "100.00"}, "missing_lines": [], "excluded_lines": [], "start_line": 71, "executed_branches": [[80, 81], [80, 91]], "missing_branches": []}, "InsiderFetcher._get_transactions": {"executed_lines": [99, 101, 102, 104, 106, 107, 109], "summary": {"covered_lines": 7, "num_statements": 7, "percent_covered": 100.0, "percent_covered_display": "100.00", "missing_lines": 0, "excluded_lines": 0, "percent_statements_covered": 100.0, "percent_statements_covered_display": "100.00", "num_branches": 4, "num_partial_branches": 0, "covered_branches": 4, "missing_branches": 0, "percent_branches_covered": 100.0, "percent_branches_covered_display": "100.00"}, "missing_lines": [], "excluded_lines": [], "start_line": 97, "executed_branches": [[101, 102], [101, 104], [106, 107], [106, 109]], "missing_branches": []}, "InsiderFetcher._fetch_from_yfinance": {"executed_lines": [113, 115, 116, 117, 118, 119, 120], "summary": {"covered_lines": 7, "num_statements": 10, "percent_covered": 71.42857142857143, "percent_covered_display": "71.43", "missing_lines": 3, "excluded_lines": 0, "percent_statements_covered": 70.0, "percent_statements_covered_display": "70.00", "num_branches": 4, "num_partial_branches": 1, "covered_branches": 3, "missing_branches": 1, "percent_branches_covered": 75.0, "percent_branches_covered_display": "75.00"}, "missing_lines": [114, 121, 122], "excluded_lines": [], "start_line": 111, "executed_branches": [[113, 115], [118, 119], [118, 120]], "missing_branches": [[113, 114]]}, "InsiderFetcher._summarise": {"executed_lines": [126, 129, 132, 133, 134, 136, 137, 148, 149, 152, 153, 155, 158, 160, 162, 163, 164, 165, 166, 167, 170, 171, 172, 174, 175, 177, 178, 184, 185, 186, 187, 188, 190, 191, 193], "summary": {"covered_lines": 35, "num_statements": 36, "percent_covered": 89.1304347826087, "percent_covered_display": "89.13", "missing_lines": 1, "excluded_lines": 0, "percent_statements_covered": 97.22222222222223, "percent_statements_covered_display": "97.22", "num_branches": 10, "num_partial_branches": 4, "covered_branches": 6, "missing_branches": 4, "percent_branches_covered": 60.0, "percent_branches_covered_display": "60.00"}, "missing_lines": [156], "excluded_lines": [], "start_line": 124, "executed_branches": [[136, 137], [136, 148], [155, 158], [163, 164], [165, 166], [185, 186]], "missing_branches": [[155, 156], [163, 170], [165, 170], [185, 190]]}, "InsiderFetcher._cache_path": {"executed_lines": [208, 209, 210], "summary": {"covered_lines": 3, "num_statements": 3, "percent_covered": 100.0, "percent_covered_display": "100.00", "missing_lines": 0, "excluded_lines": 0, "percent_statements_covered": 100.0, "percent_statements_covered_display": "100.00", "num_branches": 2, "num_partial_branches": 0, "covered_branches": 2, "missing_branches": 0, "percent_branches_covered": 100.0, "percent_branches_covered_display": "100.00"}, "missing_lines": [], "excluded_lines": [], "start_line": 207, "executed_branches": [[208, 209], [208, 210]], "missing_branches": []}, "InsiderFetcher._is_cache_valid": {"executed_lines": [213, 214, 215, 216], "summary": {"covered_lines": 4, "num_statements": 4, "percent_covered": 100.0, "percent_covered_display": "100.00", "missing_lines": 0, "excluded_lines": 0, "percent_statements_covered": 100.0, "percent_statements_covered_display": "100.00", "num_branches": 2, "num_partial_branches": 0, "covered_branches": 2, "missing_branches": 0, "percent_branches_covered": 100.0, "percent_branches_covered_display": "100.00"}, "missing_lines": [], "excluded_lines": [], "start_line": 212, "executed_branches": [[213, 214], [213, 215]], "missing_branches": []}, "InsiderFetcher._load_cache": {"executed_lines": [220, 221, 222], "summary": {"covered_lines": 3, "num_statements": 5, "percent_covered": 60.0, "percent_covered_display": "60.00", "missing_lines": 2, "excluded_lines": 0, "percent_statements_covered": 60.0, "percent_statements_covered_display": "60.00", "num_branches": 0, "num_partial_branches": 0, "covered_branches": 0, "missing_branches": 0, "percent_branches_covered": 100.0, "percent_branches_covered_display": "100.00"}, "missing_lines": [223, 224], "excluded_lines": [], "start_line": 219, "executed_branches": [], "missing_branches": []}, "InsiderFetcher._save_cache": {"executed_lines": [228, 229], "summary": {"covered_lines": 2, "num_statements": 4, "percent_covered": 50.0, "percent_covered_display": "50.00", "missing_lines": 2, "excluded_lines": 0, "percent_statements_covered": 50.0, "percent_statements_covered_display": "50.00", "num_branches": 0, "num_partial_branches": 0, "covered_branches": 0, "missing_branches": 0, "percent_branches_covered": 100.0, "percent_branches_covered_display": "100.00"}, "missing_lines": [230, 231], "excluded_lines": [], "start_line": 227, "executed_branches": [], "missing_branches": []}, "InsiderFetcher._classify_trend": {"executed_lines": [239, 240, 241, 242, 243, 244, 246, 247, 248, 249, 250], "summary": {"covered_lines": 11, "num_statements": 11, "percent_covered": 100.0, "percent_covered_display": "100.00", "missing_lines": 0, "excluded_lines": 0, "percent_statements_covered": 100.0, "percent_statements_covered_display": "100.00", "num_branches": 10, "num_partial_branches": 0, "covered_branches": 10, "missing_branches": 0, "percent_branches_covered": 100.0, "percent_branches_covered_display": "100.00"}, "missing_lines": [], "excluded_lines": [], "start_line": 238, "executed_branches": [[239, 240], [239, 241], [241, 242], [241, 243], [243, 244], [243, 246], [246, 247], [246, 248], [248, 249], [248, 250]], "missing_branches": []}, "InsiderFetcher._find_col": {"executed_lines": [255, 256, 257, 258], "summary": {"covered_lines": 4, "num_statements": 4, "percent_covered": 100.0, "percent_covered_display": "100.00", "missing_lines": 0, "excluded_lines": 0, "percent_statements_covered": 100.0, "percent_statements_covered_display": "100.00", "num_branches": 4, "num_partial_branches": 0, "covered_branches": 4, "missing_branches": 0, "percent_branches_covered": 100.0, "percent_branches_covered_display": "100.00"}, "missing_lines": [], "excluded_lines": [], "start_line": 253, "executed_branches": [[255, 256], [255, 258], [256, 255], [256, 257]], "missing_branches": []}, "InsiderFetcher._build_summary": {"executed_lines": [262, 263, 264, 265, 266, 267, 268, 269, 270, 271, 272, 273, 274, 275], "summary": {"covered_lines": 14, "num_statements": 14, "percent_covered": 100.0, "percent_covered_display": "100.00", "missing_lines": 0, "excluded_lines": 0, "percent_statements_covered": 100.0, "percent_statements_covered_display": "100.00", "num_branches": 10, "num_partial_branches": 0, "covered_branches": 10, "missing_branches": 0, "percent_branches_covered": 100.0, "percent_branches_covered_display": "100.00"}, "missing_lines": [], "excluded_lines": [], "start_line": 261, "executed_branches": [[263, 264], [263, 265], [265, 266], [265, 267], [267, 268], [267, 269], [270, 271], [270, 273], [273, 274], [273, 275]], "missing_branches": []}, "": {"executed_lines": [15, 17, 18, 19, 20, 21, 23, 25, 26, 32, 33, 36, 39, 40, 43, 44, 45, 46, 47, 48, 49, 52, 55, 71, 97, 111, 124, 207, 212, 218, 219, 226, 227, 237, 238, 252, 253, 260, 261], "summary": {"covered_lines": 39, "num_statements": 41, "percent_covered": 95.1219512195122, "percent_covered_display": "95.12", "missing_lines": 2, "excluded_lines": 0, "percent_statements_covered": 95.1219512195122, "percent_statements_covered_display": "95.12", "num_branches": 0, "num_partial_branches": 0, "covered_branches": 0, "missing_branches": 0, "percent_branches_covered": 100.0, "percent_branches_covered_display": "100.00"}, "missing_lines": [27, 28], "excluded_lines": [], "start_line": 1, "executed_branches": [], "missing_branches": []}}, "classes": {"InsiderTrend": {"executed_lines": [], "summary": {"covered_lines": 0, "num_statements": 0, "percent_covered": 100.0, "percent_covered_display": "100.00", "missing_lines": 0, "excluded_lines": 0, "percent_statements_covered": 100.0, "percent_statements_covered_display": "100.00", "num_branches": 0, "num_partial_branches": 0, "covered_branches": 0, "missing_branches": 0, "percent_branches_covered": 100.0, "percent_branches_covered_display": "100.00"}, "missing_lines": [], "excluded_lines": [], "start_line": 40, "executed_branches": [], "missing_branches": []}, "InsiderFetcher": {"executed_lines": [67, 68, 69, 77, 78, 80, 81, 91, 99, 101, 102, 104, 106, 107, 109, 113, 115, 116, 117, 118, 119, 120, 126, 129, 132, 133, 134, 136, 137, 148, 149, 152, 153, 155, 158, 160, 162, 163, 164, 165, 166, 167, 170, 171, 172, 174, 175, 177, 178, 184, 185, 186, 187, 188, 190, 191, 193, 208, 209, 210, 213, 214, 215, 216, 220, 221, 222, 228, 229, 239, 240, 241, 242, 243, 244, 246, 247, 248, 249, 250, 255, 256, 257, 258, 262, 263, 264, 265, 266, 267, 268, 269, 270, 271, 272, 273, 274, 275], "summary": {"covered_lines": 98, "num_statements": 106, "percent_covered": 91.55844155844156, "percent_covered_display": "91.56", "missing_lines": 8, "excluded_lines": 0, "percent_statements_covered": 92.45283018867924, "percent_statements_covered_display": "92.45", "num_branches": 48, "num_partial_branches": 5, "covered_branches": 43, "missing_branches": 5, "percent_branches_covered": 89.58333333333333, "percent_branches_covered_display": "89.58"}, "missing_lines": [114, 121, 122, 156, 223, 224, 230, 231], "excluded_lines": [], "start_line": 52, "executed_branches": [[80, 81], [80, 91], [101, 102], [101, 104], [106, 107], [106, 109], [113, 115], [118, 119], [118, 120], [136, 137], [136, 148], [155, 158], [163, 164], [165, 166], [185, 186], [208, 209], [208, 210], [213, 214], [213, 215], [239, 240], [239, 241], [241, 242], [241, 243], [243, 244], [243, 246], [246, 247], [246, 248], [248, 249], [248, 250], [255, 256], [255, 258], [256, 255], [256, 257], [263, 264], [263, 265], [265, 266], [265, 267], [267, 268], [267, 269], [270, 271], [270, 273], [273, 274], [273, 275]], "missing_branches": [[113, 114], [155, 156], [163, 170], [165, 170], [185, 190]]}, "": {"executed_lines": [15, 17, 18, 19, 20, 21, 23, 25, 26, 32, 33, 36, 39, 40, 43, 44, 45, 46, 47, 48, 49, 52, 55, 71, 97, 111, 124, 207, 212, 218, 219, 226, 227, 237, 238, 252, 253, 260, 261], "summary": {"covered_lines": 39, "num_statements": 41, "percent_covered": 95.1219512195122, "percent_covered_display": "95.12", "missing_lines": 2, "excluded_lines": 0, "percent_statements_covered": 95.1219512195122, "percent_statements_covered_display": "95.12", "num_branches": 0, "num_partial_branches": 0, "covered_branches": 0, "missing_branches": 0, "percent_branches_covered": 100.0, "percent_branches_covered_display": "100.00"}, "missing_lines": [27, 28], "excluded_lines": [], "start_line": 1, "executed_branches": [], "missing_branches": []}}}, "src/assethold/analysis/daily_strategy/loader.py": {"executed_lines": [23, 25, 26, 27, 28, 30, 33, 34, 37, 38, 39, 40, 41, 42, 45, 56, 62, 65, 94, 97, 111, 112, 118, 121, 124, 127, 131, 145, 151, 162, 163, 167, 168, 169, 171, 175, 176, 182, 184, 185, 186, 187, 189, 190, 191, 194, 195, 197, 199, 201, 203, 204, 205, 208, 209, 210, 211, 212, 213, 216, 217, 219, 220, 222, 223, 224, 225, 226, 228, 233, 234, 236, 247, 249, 251, 252, 254, 255, 256, 257, 258, 262, 263, 267, 268, 269, 270, 274, 276, 278, 279, 280, 281, 283, 289, 290, 291, 292, 293, 294, 296, 297, 300, 301], "summary": {"covered_lines": 104, "num_statements": 121, "percent_covered": 84.472049689441, "percent_covered_display": "84.47", "missing_lines": 17, "excluded_lines": 0, "percent_statements_covered": 85.9504132231405, "percent_statements_covered_display": "85.95", "num_branches": 40, "num_partial_branches": 8, "covered_branches": 32, "missing_branches": 8, "percent_branches_covered": 80.0, "percent_branches_covered_display": "80.00"}, "missing_lines": [47, 48, 50, 51, 52, 53, 59, 79, 91, 114, 115, 188, 214, 260, 272, 295, 298], "excluded_lines": [], "executed_branches": [[111, 112], [162, 163], [162, 167], [168, 169], [168, 171], [184, 185], [184, 186], [187, 189], [190, 191], [190, 194], [210, 211], [210, 212], [213, 216], [219, 220], [219, 222], [223, 224], [223, 247], [225, 226], [225, 228], [255, 256], [255, 262], [257, 258], [262, 263], [267, 268], [267, 274], [269, 270], [279, 280], [279, 281], [291, 292], [291, 293], [294, 296], [297, 300]], "missing_branches": [[111, 114], [187, 188], [213, 214], [257, 260], [262, 267], [269, 272], [294, 295], [297, 298]], "functions": {"_load_yaml": {"executed_lines": [], "summary": {"covered_lines": 0, "num_statements": 6, "percent_covered": 0.0, "percent_covered_display": "0.00", "missing_lines": 6, "excluded_lines": 0, "percent_statements_covered": 0.0, "percent_statements_covered_display": "0.00", "num_branches": 0, "num_partial_branches": 0, "covered_branches": 0, "missing_branches": 0, "percent_branches_covered": 100.0, "percent_branches_covered_display": "100.00"}, "missing_lines": [47, 48, 50, 51, 52, 53], "excluded_lines": [], "start_line": 45, "executed_branches": [], "missing_branches": []}, "_default_config_path": {"executed_lines": [], "summary": {"covered_lines": 0, "num_statements": 1, "percent_covered": 0.0, "percent_covered_display": "0.00", "missing_lines": 1, "excluded_lines": 0, "percent_statements_covered": 0.0, "percent_statements_covered_display": "0.00", "num_branches": 0, "num_partial_branches": 0, "covered_branches": 0, "missing_branches": 0, "percent_branches_covered": 100.0, "percent_branches_covered_display": "100.00"}, "missing_lines": [59], "excluded_lines": [], "start_line": 56, "executed_branches": [], "missing_branches": []}, "ComparisonLoader.load_tickers": {"executed_lines": [], "summary": {"covered_lines": 0, "num_statements": 2, "percent_covered": 0.0, "percent_covered_display": "0.00", "missing_lines": 2, "excluded_lines": 0, "percent_statements_covered": 0.0, "percent_statements_covered_display": "0.00", "num_branches": 0, "num_partial_branches": 0, "covered_branches": 0, "missing_branches": 0, "percent_branches_covered": 100.0, "percent_branches_covered_display": "100.00"}, "missing_lines": [79, 91], "excluded_lines": [], "start_line": 65, "executed_branches": [], "missing_branches": []}, "FidelityLoader.__init__": {"executed_lines": [111, 112, 118, 121, 124, 127, 131, 145], "summary": {"covered_lines": 8, "num_statements": 10, "percent_covered": 75.0, "percent_covered_display": "75.00", "missing_lines": 2, "excluded_lines": 0, "percent_statements_covered": 80.0, "percent_statements_covered_display": "80.00", "num_branches": 2, "num_partial_branches": 1, "covered_branches": 1, "missing_branches": 1, "percent_branches_covered": 50.0, "percent_branches_covered_display": "50.00"}, "missing_lines": [114, 115], "excluded_lines": [], "start_line": 97, "executed_branches": [[111, 112]], "missing_branches": [[111, 114]]}, "FidelityLoader.load": {"executed_lines": [162, 163, 167, 168, 169, 171, 175, 176], "summary": {"covered_lines": 8, "num_statements": 8, "percent_covered": 100.0, "percent_covered_display": "100.00", "missing_lines": 0, "excluded_lines": 0, "percent_statements_covered": 100.0, "percent_statements_covered_display": "100.00", "num_branches": 4, "num_partial_branches": 0, "covered_branches": 4, "missing_branches": 0, "percent_branches_covered": 100.0, "percent_branches_covered_display": "100.00"}, "missing_lines": [], "excluded_lines": [], "start_line": 151, "executed_branches": [[162, 163], [162, 167], [168, 169], [168, 171]], "missing_branches": []}, "FidelityLoader._resolve_data_dir": {"executed_lines": [184, 185, 186, 187, 189, 190, 191, 194, 195], "summary": {"covered_lines": 9, "num_statements": 10, "percent_covered": 87.5, "percent_covered_display": "87.50", "missing_lines": 1, "excluded_lines": 0, "percent_statements_covered": 90.0, "percent_statements_covered_display": "90.00", "num_branches": 6, "num_partial_branches": 1, "covered_branches": 5, "missing_branches": 1, "percent_branches_covered": 83.33333333333333, "percent_branches_covered_display": "83.33"}, "missing_lines": [188], "excluded_lines": [], "start_line": 182, "executed_branches": [[184, 185], [184, 186], [187, 189], [190, 191], [190, 194]], "missing_branches": [[187, 188]]}, "FidelityLoader._reconstruct_positions": {"executed_lines": [199, 201, 203, 204, 205, 208, 209, 210, 211, 212, 213, 216, 217, 219, 220, 222, 223, 224, 225, 226, 228, 233, 234, 236, 247], "summary": {"covered_lines": 25, "num_statements": 26, "percent_covered": 94.44444444444444, "percent_covered_display": "94.44", "missing_lines": 1, "excluded_lines": 0, "percent_statements_covered": 96.15384615384616, "percent_statements_covered_display": "96.15", "num_branches": 10, "num_partial_branches": 1, "covered_branches": 9, "missing_branches": 1, "percent_branches_covered": 90.0, "percent_branches_covered_display": "90.00"}, "missing_lines": [214], "excluded_lines": [], "start_line": 197, "executed_branches": [[210, 211], [210, 212], [213, 216], [219, 220], [219, 222], [223, 224], [223, 247], [225, 226], [225, 228]], "missing_branches": [[213, 214]]}, "FidelityLoader._normalize": {"executed_lines": [251, 252, 254, 255, 256, 257, 258, 262, 263, 267, 268, 269, 270, 274], "summary": {"covered_lines": 14, "num_statements": 16, "percent_covered": 80.76923076923077, "percent_covered_display": "80.77", "missing_lines": 2, "excluded_lines": 0, "percent_statements_covered": 87.5, "percent_statements_covered_display": "87.50", "num_branches": 10, "num_partial_branches": 3, "covered_branches": 7, "missing_branches": 3, "percent_branches_covered": 70.0, "percent_branches_covered_display": "70.00"}, "missing_lines": [260, 272], "excluded_lines": [], "start_line": 249, "executed_branches": [[255, 256], [255, 262], [257, 258], [262, 263], [267, 268], [267, 274], [269, 270]], "missing_branches": [[257, 260], [262, 267], [269, 272]]}, "FidelityLoader._is_employee": {"executed_lines": [278, 279, 280, 281], "summary": {"covered_lines": 4, "num_statements": 4, "percent_covered": 100.0, "percent_covered_display": "100.00", "missing_lines": 0, "excluded_lines": 0, "percent_statements_covered": 100.0, "percent_statements_covered_display": "100.00", "num_branches": 2, "num_partial_branches": 0, "covered_branches": 2, "missing_branches": 0, "percent_branches_covered": 100.0, "percent_branches_covered_display": "100.00"}, "missing_lines": [], "excluded_lines": [], "start_line": 276, "executed_branches": [[279, 280], [279, 281]], "missing_branches": []}, "FidelityLoader._calc_avg_cost": {"executed_lines": [289, 290, 291, 292, 293, 294, 296, 297, 300, 301], "summary": {"covered_lines": 10, "num_statements": 12, "percent_covered": 77.77777777777777, "percent_covered_display": "77.78", "missing_lines": 2, "excluded_lines": 0, "percent_statements_covered": 83.33333333333333, "percent_statements_covered_display": "83.33", "num_branches": 6, "num_partial_branches": 2, "covered_branches": 4, "missing_branches": 2, "percent_branches_covered": 66.66666666666667, "percent_branches_covered_display": "66.67"}, "missing_lines": [295, 298], "excluded_lines": [], "start_line": 283, "executed_branches": [[291, 292], [291, 293], [294, 296], [297, 300]], "missing_branches": [[294, 295], [297, 298]]}, "": {"executed_lines": [23, 25, 26, 27, 28, 30, 33, 34, 37, 38, 39, 40, 41, 42, 45, 56, 62, 65, 94, 97, 151, 182, 197, 249, 276, 283], "summary": {"covered_lines": 26, "num_statements": 26, "percent_covered": 100.0, "percent_covered_display": "100.00", "missing_lines": 0, "excluded_lines": 0, "percent_statements_covered": 100.0, "percent_statements_covered_display": "100.00", "num_branches": 0, "num_partial_branches": 0, "covered_branches": 0, "missing_branches": 0, "percent_branches_covered": 100.0, "percent_branches_covered_display": "100.00"}, "missing_lines": [], "excluded_lines": [], "start_line": 1, "executed_branches": [], "missing_branches": []}}, "classes": {"Position": {"executed_lines": [], "summary": {"covered_lines": 0, "num_statements": 0, "percent_covered": 100.0, "percent_covered_display": "100.00", "missing_lines": 0, "excluded_lines": 0, "percent_statements_covered": 100.0, "percent_statements_covered_display": "100.00", "num_branches": 0, "num_partial_branches": 0, "covered_branches": 0, "missing_branches": 0, "percent_branches_covered": 100.0, "percent_branches_covered_display": "100.00"}, "missing_lines": [], "excluded_lines": [], "start_line": 34, "executed_branches": [], "missing_branches": []}, "ComparisonLoader": {"executed_lines": [], "summary": {"covered_lines": 0, "num_statements": 2, "percent_covered": 0.0, "percent_covered_display": "0.00", "missing_lines": 2, "excluded_lines": 0, "percent_statements_covered": 0.0, "percent_statements_covered_display": "0.00", "num_branches": 0, "num_partial_branches": 0, "covered_branches": 0, "missing_branches": 0, "percent_branches_covered": 100.0, "percent_branches_covered_display": "100.00"}, "missing_lines": [79, 91], "excluded_lines": [], "start_line": 62, "executed_branches": [], "missing_branches": []}, "FidelityLoader": {"executed_lines": [111, 112, 118, 121, 124, 127, 131, 145, 162, 163, 167, 168, 169, 171, 175, 176, 184, 185, 186, 187, 189, 190, 191, 194, 195, 199, 201, 203, 204, 205, 208, 209, 210, 211, 212, 213, 216, 217, 219, 220, 222, 223, 224, 225, 226, 228, 233, 234, 236, 247, 251, 252, 254, 255, 256, 257, 258, 262, 263, 267, 268, 269, 270, 274, 278, 279, 280, 281, 289, 290, 291, 292, 293, 294, 296, 297, 300, 301], "summary": {"covered_lines": 78, "num_statements": 86, "percent_covered": 87.3015873015873, "percent_covered_display": "87.30", "missing_lines": 8, "excluded_lines": 0, "percent_statements_covered": 90.69767441860465, "percent_statements_covered_display": "90.70", "num_branches": 40, "num_partial_branches": 8, "covered_branches": 32, "missing_branches": 8, "percent_branches_covered": 80.0, "percent_branches_covered_display": "80.00"}, "missing_lines": [114, 115, 188, 214, 260, 272, 295, 298], "excluded_lines": [], "start_line": 94, "executed_branches": [[111, 112], [162, 163], [162, 167], [168, 169], [168, 171], [184, 185], [184, 186], [187, 189], [190, 191], [190, 194], [210, 211], [210, 212], [213, 216], [219, 220], [219, 222], [223, 224], [223, 247], [225, 226], [225, 228], [255, 256], [255, 262], [257, 258], [262, 263], [267, 268], [267, 274], [269, 270], [279, 280], [279, 281], [291, 292], [291, 293], [294, 296], [297, 300]], "missing_branches": [[111, 114], [187, 188], [213, 214], [257, 260], [262, 267], [269, 272], [294, 295], [297, 298]]}, "": {"executed_lines": [23, 25, 26, 27, 28, 30, 33, 34, 37, 38, 39, 40, 41, 42, 45, 56, 62, 65, 94, 97, 151, 182, 197, 249, 276, 283], "summary": {"covered_lines": 26, "num_statements": 33, "percent_covered": 78.78787878787878, "percent_covered_display": "78.79", "missing_lines": 7, "excluded_lines": 0, "percent_statements_covered": 78.78787878787878, "percent_statements_covered_display": "78.79", "num_branches": 0, "num_partial_branches": 0, "covered_branches": 0, "missing_branches": 0, "percent_branches_covered": 100.0, "percent_branches_covered_display": "100.00"}, "missing_lines": [47, 48, 50, 51, 52, 53, 59], "excluded_lines": [], "start_line": 1, "executed_branches": [], "missing_branches": []}}}, "src/assethold/analysis/daily_strategy/report.py": {"executed_lines": [11, 13, 14, 15, 16, 17, 19, 21, 22, 23, 25, 33, 42, 45, 51, 54, 55, 57, 86, 87, 88, 90, 94, 95, 96, 97, 98, 99, 100, 101, 102, 105, 118, 119, 120, 122, 123, 125, 126, 127, 128, 129, 132, 133, 134, 135, 136, 137, 140, 141, 142, 143, 144, 145, 146, 147, 148, 149, 150, 151, 154, 164, 165, 166, 167, 170, 171, 172, 173, 176, 177, 178, 179, 180, 187, 188, 192, 194, 196, 212, 213, 214, 215, 216, 227, 229, 254, 255, 256, 260, 261, 262, 263, 264, 266, 267, 268, 269, 273, 275, 279, 280, 281, 282, 283, 284, 286, 291, 295, 296, 297, 298, 299, 300, 301, 302, 303, 304, 305, 309, 313, 315, 316, 317, 318, 319, 320, 322, 332, 333, 334, 335, 336, 338, 339, 340, 341, 343, 344, 345, 350, 351, 366, 368, 378, 379, 383, 385, 397, 398, 403, 404, 405, 406, 408, 409, 410, 411, 412, 413, 414, 416, 417, 418, 419, 421, 422, 424, 425, 426, 427, 434, 436, 445, 453, 454, 455, 459, 460, 471, 472, 477, 478], "summary": {"covered_lines": 183, "num_statements": 221, "percent_covered": 80.8362369337979, "percent_covered_display": "80.84", "missing_lines": 38, "excluded_lines": 0, "percent_statements_covered": 82.8054298642534, "percent_statements_covered_display": "82.81", "num_branches": 66, "num_partial_branches": 9, "covered_branches": 49, "missing_branches": 17, "percent_branches_covered": 74.24242424242425, "percent_branches_covered_display": "74.24"}, "missing_lines": [106, 107, 108, 109, 110, 112, 113, 114, 115, 155, 156, 157, 158, 159, 235, 236, 238, 239, 240, 241, 242, 243, 244, 248, 306, 308, 352, 355, 356, 359, 360, 399, 400, 401, 415, 428, 429, 432], "excluded_lines": [], "executed_branches": [[51, 54], [51, 55], [105, 118], [119, 120], [119, 122], [125, 126], [125, 132], [146, 147], [146, 154], [147, 148], [147, 149], [154, 164], [164, 165], [164, 170], [170, 171], [170, 176], [260, 261], [260, 273], [262, 263], [262, 266], [280, 281], [280, 286], [282, 283], [282, 284], [295, 296], [295, 313], [305, 309], [332, 333], [334, 335], [340, 341], [340, 343], [343, 344], [343, 350], [351, 366], [398, 403], [408, 409], [408, 424], [410, 411], [410, 422], [412, 413], [412, 414], [414, 416], [416, 417], [416, 418], [418, 419], [418, 421], [427, 434], [453, 454], [453, 471]], "missing_branches": [[105, 106], [108, 109], [108, 112], [109, 110], [109, 113], [154, 155], [239, 240], [239, 248], [305, 306], [332, 334], [334, 338], [351, 352], [359, 360], [359, 366], [398, 399], [414, 415], [427, 428]], "functions": {"DailyStrategyReport.__init__": {"executed_lines": [51, 54, 55], "summary": {"covered_lines": 3, "num_statements": 3, "percent_covered": 100.0, "percent_covered_display": "100.00", "missing_lines": 0, "excluded_lines": 0, "percent_statements_covered": 100.0, "percent_statements_covered_display": "100.00", "num_branches": 2, "num_partial_branches": 0, "covered_branches": 2, "missing_branches": 0, "percent_branches_covered": 100.0, "percent_branches_covered_display": "100.00"}, "missing_lines": [], "excluded_lines": [], "start_line": 45, "executed_branches": [[51, 54], [51, 55]], "missing_branches": []}, "DailyStrategyReport.render": {"executed_lines": [86, 87, 88, 90, 94, 95, 96, 97, 98, 99, 100, 101, 102, 105, 118, 119, 120, 122, 123, 125, 126, 127, 128, 129, 132, 133, 134, 135, 136, 137, 140, 141, 142, 143, 144, 145, 146, 147, 148, 149, 150, 151, 154, 164, 165, 166, 167, 170, 171, 172, 173, 176, 177, 178, 179, 180, 187, 188, 192, 194], "summary": {"covered_lines": 60, "num_statements": 74, "percent_covered": 78.72340425531915, "percent_covered_display": "78.72", "missing_lines": 14, "excluded_lines": 0, "percent_statements_covered": 81.08108108108108, "percent_statements_covered_display": "81.08", "num_branches": 20, "num_partial_branches": 2, "covered_branches": 14, "missing_branches": 6, "percent_branches_covered": 70.0, "percent_branches_covered_display": "70.00"}, "missing_lines": [106, 107, 108, 109, 110, 112, 113, 114, 115, 155, 156, 157, 158, 159], "excluded_lines": [], "start_line": 57, "executed_branches": [[105, 118], [119, 120], [119, 122], [125, 126], [125, 132], [146, 147], [146, 154], [147, 148], [147, 149], [154, 164], [164, 165], [164, 170], [170, 171], [170, 176]], "missing_branches": [[105, 106], [108, 109], [108, 112], [109, 110], [109, 113], [154, 155]]}, "DailyStrategyReport.write": {"executed_lines": [212, 213, 214, 215, 216, 227], "summary": {"covered_lines": 6, "num_statements": 6, "percent_covered": 100.0, "percent_covered_display": "100.00", "missing_lines": 0, "excluded_lines": 0, "percent_statements_covered": 100.0, "percent_statements_covered_display": "100.00", "num_branches": 0, "num_partial_branches": 0, "covered_branches": 0, "missing_branches": 0, "percent_branches_covered": 100.0, "percent_branches_covered_display": "100.00"}, "missing_lines": [], "excluded_lines": [], "start_line": 196, "executed_branches": [], "missing_branches": []}, "DailyStrategyReport.print_summary": {"executed_lines": [], "summary": {"covered_lines": 0, "num_statements": 10, "percent_covered": 0.0, "percent_covered_display": "0.00", "missing_lines": 10, "excluded_lines": 0, "percent_statements_covered": 0.0, "percent_statements_covered_display": "0.00", "num_branches": 2, "num_partial_branches": 0, "covered_branches": 0, "missing_branches": 2, "percent_branches_covered": 0.0, "percent_branches_covered_display": "0.00"}, "missing_lines": [235, 236, 238, 239, 240, 241, 242, 243, 244, 248], "excluded_lines": [], "start_line": 229, "executed_branches": [], "missing_branches": [[239, 240], [239, 248]]}, "DailyStrategyReport._account_table": {"executed_lines": [255, 256, 260, 261, 262, 263, 264, 266, 267, 268, 269, 273], "summary": {"covered_lines": 12, "num_statements": 12, "percent_covered": 100.0, "percent_covered_display": "100.00", "missing_lines": 0, "excluded_lines": 0, "percent_statements_covered": 100.0, "percent_statements_covered_display": "100.00", "num_branches": 4, "num_partial_branches": 0, "covered_branches": 4, "missing_branches": 0, "percent_branches_covered": 100.0, "percent_branches_covered_display": "100.00"}, "missing_lines": [], "excluded_lines": [], "start_line": 254, "executed_branches": [[260, 261], [260, 273], [262, 263], [262, 266]], "missing_branches": []}, "DailyStrategyReport._combined_table": {"executed_lines": [279, 280, 281, 282, 283, 284, 286, 291, 295, 296, 297, 298, 299, 300, 301, 302, 303, 304, 305, 309, 313], "summary": {"covered_lines": 21, "num_statements": 23, "percent_covered": 90.3225806451613, "percent_covered_display": "90.32", "missing_lines": 2, "excluded_lines": 0, "percent_statements_covered": 91.30434782608695, "percent_statements_covered_display": "91.30", "num_branches": 8, "num_partial_branches": 1, "covered_branches": 7, "missing_branches": 1, "percent_branches_covered": 87.5, "percent_branches_covered_display": "87.50"}, "missing_lines": [306, 308], "excluded_lines": [], "start_line": 275, "executed_branches": [[280, 281], [280, 286], [282, 283], [282, 284], [295, 296], [295, 313], [305, 309]], "missing_branches": [[305, 306]]}, "DailyStrategyReport._signal_detail": {"executed_lines": [316, 317, 318, 319, 320, 322, 332, 333, 334, 335, 336, 338, 339, 340, 341, 343, 344, 345, 350, 351, 366], "summary": {"covered_lines": 21, "num_statements": 26, "percent_covered": 73.6842105263158, "percent_covered_display": "73.68", "missing_lines": 5, "excluded_lines": 0, "percent_statements_covered": 80.76923076923077, "percent_statements_covered_display": "80.77", "num_branches": 12, "num_partial_branches": 3, "covered_branches": 7, "missing_branches": 5, "percent_branches_covered": 58.333333333333336, "percent_branches_covered_display": "58.33"}, "missing_lines": [352, 355, 356, 359, 360], "excluded_lines": [], "start_line": 315, "executed_branches": [[332, 333], [334, 335], [340, 341], [340, 343], [343, 344], [343, 350], [351, 366]], "missing_branches": [[332, 334], [334, 338], [351, 352], [359, 360], [359, 366]]}, "DailyStrategyReport._fundamentals_section": {"executed_lines": [378, 379, 383, 385, 397, 398, 403, 404, 405, 406, 408, 409, 410, 411, 412, 413, 414, 416, 417, 418, 419, 421, 422, 424, 425, 426, 427, 434], "summary": {"covered_li
[...]
ed_lines": [50, 51, 52, 53, 54], "summary": {"covered_lines": 5, "num_statements": 5, "percent_covered": 100.0, "percent_covered_display": "100.00", "missing_lines": 0, "excluded_lines": 0, "percent_statements_covered": 100.0, "percent_statements_covered_display": "100.00", "num_branches": 4, "num_partial_branches": 0, "covered_branches": 4, "missing_branches": 0, "percent_branches_covered": 100.0, "percent_branches_covered_display": "100.00"}, "missing_lines": [], "excluded_lines": [], "start_line": 49, "executed_branches": [[50, 51], [50, 52], [52, 53], [52, 54]], "missing_branches": []}, "detect_support_resistance_break": {"executed_lines": [101, 102, 104, 107, 109, 110, 111, 112, 114, 115, 121, 122, 130, 131, 140], "summary": {"covered_lines": 15, "num_statements": 15, "percent_covered": 100.0, "percent_covered_display": "100.00", "missing_lines": 0, "excluded_lines": 0, "percent_statements_covered": 100.0, "percent_statements_covered_display": "100.00", "num_branches": 8, "num_partial_branches": 0, "covered_branches": 8, "missing_branches": 0, "percent_branches_covered": 100.0, "percent_branches_covered_display": "100.00"}, "missing_lines": [], "excluded_lines": [], "start_line": 90, "executed_branches": [[101, 102], [101, 104], [109, 110], [109, 140], [121, 122], [121, 130], [130, 109], [130, 131]], "missing_branches": []}, "detect_volume_spike": {"executed_lines": [154, 155, 157, 158, 159, 161, 162, 163, 164, 166, 168, 170, 171, 173, 175, 177, 178, 183, 193], "summary": {"covered_lines": 19, "num_statements": 19, "percent_covered": 100.0, "percent_covered_display": "100.00", "missing_lines": 0, "excluded_lines": 0, "percent_statements_covered": 100.0, "percent_statements_covered_display": "100.00", "num_branches": 10, "num_partial_branches": 0, "covered_branches": 10, "missing_branches": 0, "percent_branches_covered": 100.0, "percent_branches_covered_display": "100.00"}, "missing_lines": [], "excluded_lines": [], "start_line": 143, "executed_branches": [[154, 155], [154, 157], [161, 162], [161, 193], [168, 170], [168, 175], [170, 171], [170, 173], [177, 161], [177, 178]], "missing_branches": []}, "detect_rsi_transition": {"executed_lines": [208, 211, 212, 214, 215, 217, 218, 224, 225, 227, 228, 230, 231, 234, 235, 242, 243, 251, 254, 256, 257, 259, 267, 275, 277], "summary": {"covered_lines": 25, "num_statements": 29, "percent_covered": 78.72340425531915, "percent_covered_display": "78.72", "missing_lines": 4, "excluded_lines": 0, "percent_statements_covered": 86.20689655172414, "percent_statements_covered_display": "86.21", "num_branches": 18, "num_partial_branches": 6, "covered_branches": 12, "missing_branches": 6, "percent_branches_covered": 66.66666666666667, "percent_branches_covered_display": "66.67"}, "missing_lines": [209, 252, 260, 268], "excluded_lines": [], "start_line": 196, "executed_branches": [[208, 211], [214, 215], [227, 228], [227, 230], [234, 235], [234, 242], [242, 243], [251, 254], [256, 257], [256, 277], [259, 267], [267, 275]], "missing_branches": [[208, 209], [214, 217], [242, 251], [251, 252], [259, 260], [267, 268]]}, "TrendDetector.__init__": {"executed_lines": [302, 303, 304, 305, 306, 307, 308], "summary": {"covered_lines": 7, "num_statements": 7, "percent_covered": 100.0, "percent_covered_display": "100.00", "missing_lines": 0, "excluded_lines": 0, "percent_statements_covered": 100.0, "percent_statements_covered_display": "100.00", "num_branches": 0, "num_partial_branches": 0, "covered_branches": 0, "missing_branches": 0, "percent_branches_covered": 100.0, "percent_branches_covered_display": "100.00"}, "missing_lines": [], "excluded_lines": [], "start_line": 291, "executed_branches": [], "missing_branches": []}, "TrendDetector.analyze": {"executed_lines": [312, 313, 320], "summary": {"covered_lines": 3, "num_statements": 3, "percent_covered": 100.0, "percent_covered_display": "100.00", "missing_lines": 0, "excluded_lines": 0, "percent_statements_covered": 100.0, "percent_statements_covered_display": "100.00", "num_branches": 2, "num_partial_branches": 0, "covered_branches": 2, "missing_branches": 0, "percent_branches_covered": 100.0, "percent_branches_covered_display": "100.00"}, "missing_lines": [], "excluded_lines": [], "start_line": 310, "executed_branches": [[312, 313], [312, 320]], "missing_branches": []}, "TrendDetector.get_all_events": {"executed_lines": [342, 343, 344, 345], "summary": {"covered_lines": 4, "num_statements": 4, "percent_covered": 100.0, "percent_covered_display": "100.00", "missing_lines": 0, "excluded_lines": 0, "percent_statements_covered": 100.0, "percent_statements_covered_display": "100.00", "num_branches": 2, "num_partial_branches": 0, "covered_branches": 2, "missing_branches": 0, "percent_branches_covered": 100.0, "percent_branches_covered_display": "100.00"}, "missing_lines": [], "excluded_lines": [], "start_line": 338, "executed_branches": [[343, 344], [343, 345]], "missing_branches": []}, "TrendDetector.summary": {"executed_lines": [351], "summary": {"covered_lines": 1, "num_statements": 1, "percent_covered": 100.0, "percent_covered_display": "100.00", "missing_lines": 0, "excluded_lines": 0, "percent_statements_covered": 100.0, "percent_statements_covered_display": "100.00", "num_branches": 0, "num_partial_branches": 0, "covered_branches": 0, "missing_branches": 0, "percent_branches_covered": 100.0, "percent_branches_covered_display": "100.00"}, "missing_lines": [], "excluded_lines": [], "start_line": 347, "executed_branches": [], "missing_branches": []}, "": {"executed_lines": [11, 13, 15, 18, 90, 143, 196, 280, 291, 310, 338, 347], "summary": {"covered_lines": 12, "num_statements": 12, "percent_covered": 100.0, "percent_covered_display": "100.00", "missing_lines": 0, "excluded_lines": 0, "percent_statements_covered": 100.0, "percent_statements_covered_display": "100.00", "num_branches": 0, "num_partial_branches": 0, "covered_branches": 0, "missing_branches": 0, "percent_branches_covered": 100.0, "percent_branches_covered_display": "100.00"}, "missing_lines": [], "excluded_lines": [], "start_line": 1, "executed_branches": [], "missing_branches": []}}, "classes": {"TrendDetector": {"executed_lines": [302, 303, 304, 305, 306, 307, 308, 312, 313, 320, 342, 343, 344, 345, 351], "summary": {"covered_lines": 15, "num_statements": 15, "percent_covered": 100.0, "percent_covered_display": "100.00", "missing_lines": 0, "excluded_lines": 0, "percent_statements_covered": 100.0, "percent_statements_covered_display": "100.00", "num_branches": 4, "num_partial_branches": 0, "covered_branches": 4, "missing_branches": 0, "percent_branches_covered": 100.0, "percent_branches_covered_display": "100.00"}, "missing_lines": [], "excluded_lines": [], "start_line": 280, "executed_branches": [[312, 313], [312, 320], [343, 344], [343, 345]], "missing_branches": []}, "": {"executed_lines": [11, 13, 15, 18, 29, 30, 32, 33, 34, 36, 37, 38, 39, 42, 43, 46, 49, 50, 51, 52, 53, 54, 56, 61, 62, 63, 64, 66, 67, 75, 76, 84, 85, 87, 90, 101, 102, 104, 107, 109, 110, 111, 112, 114, 115, 121, 122, 130, 131, 140, 143, 154, 155, 157, 158, 159, 161, 162, 163, 164, 166, 168, 170, 171, 173, 175, 177, 178, 183, 193, 196, 208, 211, 212, 214, 215, 217, 218, 224, 225, 227, 228, 230, 231, 234, 235, 242, 243, 251, 254, 256, 257, 259, 267, 275, 277, 280, 291, 310, 338, 347], "summary": {"covered_lines": 101, "num_statements": 106, "percent_covered": 91.35802469135803, "percent_covered_display": "91.36", "missing_lines": 5, "excluded_lines": 0, "percent_statements_covered": 95.28301886792453, "percent_statements_covered_display": "95.28", "num_branches": 56, "num_partial_branches": 9, "covered_branches": 47, "missing_branches": 9, "percent_branches_covered": 83.92857142857143, "percent_branches_covered_display": "83.93"}, "missing_lines": [44, 209, 252, 260, 268], "excluded_lines": [], "start_line": 1, "executed_branches": [[29, 30], [29, 32], [36, 37], [38, 39], [43, 46], [50, 51], [50, 52], [52, 53], [52, 54], [61, 62], [61, 87], [66, 67], [66, 75], [75, 76], [75, 84], [84, 61], [84, 85], [101, 102], [101, 104], [109, 110], [109, 140], [121, 122], [121, 130], [130, 109], [130, 131], [154, 155], [154, 157], [161, 162], [161, 193], [168, 170], [168, 175], [170, 171], [170, 173], [177, 161], [177, 178], [208, 211], [214, 215], [227, 228], [227, 230], [234, 235], [234, 242], [242, 243], [251, 254], [256, 257], [256, 277], [259, 267], [267, 275]], "missing_branches": [[36, 38], [38, 42], [43, 44], [208, 209], [214, 217], [242, 251], [251, 252], [259, 260], [267, 268]]}}}, "src/assethold/stocks/watchlist.py": {"executed_lines": [5, 6, 8, 11, 14, 22, 23, 26, 27, 29, 40, 41, 43, 44, 45, 46, 47, 48, 50, 57, 58, 59, 60, 62, 72, 73, 74, 75, 76, 77, 78, 80, 90, 91, 92, 93, 95, 105, 106, 107, 108, 110, 117, 118, 119, 121, 135, 138, 141, 142, 144, 145, 146, 147, 150, 155, 156, 157, 159, 169, 172, 173, 175, 177, 178, 179, 180, 181], "summary": {"covered_lines": 68, "num_statements": 70, "percent_covered": 95.83333333333333, "percent_covered_display": "95.83", "missing_lines": 2, "excluded_lines": 0, "percent_statements_covered": 97.14285714285714, "percent_statements_covered_display": "97.14", "num_branches": 26, "num_partial_branches": 2, "covered_branches": 24, "missing_branches": 2, "percent_branches_covered": 92.3076923076923, "percent_branches_covered_display": "92.31"}, "missing_lines": [136, 170], "excluded_lines": [], "executed_branches": [[22, 23], [22, 26], [40, 41], [40, 43], [57, 58], [57, 59], [72, 73], [72, 74], [75, 76], [75, 78], [76, 75], [76, 77], [91, 92], [91, 93], [106, 107], [106, 108], [135, 138], [141, 142], [141, 150], [142, 141], [142, 144], [169, 172], [177, 178], [177, 181]], "missing_branches": [[135, 136], [169, 170]], "functions": {"Watchlist.__init__": {"executed_lines": [22, 23, 26, 27], "summary": {"covered_lines": 4, "num_statements": 4, "percent_covered": 100.0, "percent_covered_display": "100.00", "missing_lines": 0, "excluded_lines": 0, "percent_statements_covered": 100.0, "percent_statements_covered_display": "100.00", "num_branches": 2, "num_partial_branches": 0, "covered_branches": 2, "missing_branches": 0, "percent_branches_covered": 100.0, "percent_branches_covered_display": "100.00"}, "missing_lines": [], "excluded_lines": [], "start_line": 14, "executed_branches": [[22, 23], [22, 26]], "missing_branches": []}, "Watchlist.load": {"executed_lines": [40, 41, 43, 44, 45, 46, 47, 48], "summary": {"covered_lines": 8, "num_statements": 8, "percent_covered": 100.0, "percent_covered_display": "100.00", "missing_lines": 0, "excluded_lines": 0, "percent_statements_covered": 100.0, "percent_statements_covered_display": "100.00", "num_branches": 2, "num_partial_branches": 0, "covered_branches": 2, "missing_branches": 0, "percent_branches_covered": 100.0, "percent_branches_covered_display": "100.00"}, "missing_lines": [], "excluded_lines": [], "start_line": 29, "executed_branches": [[40, 41], [40, 43]], "missing_branches": []}, "Watchlist.get_tickers": {"executed_lines": [57, 58, 59, 60], "summary": {"covered_lines": 4, "num_statements": 4, "percent_covered": 100.0, "percent_covered_display": "100.00", "missing_lines": 0, "excluded_lines": 0, "percent_statements_covered": 100.0, "percent_statements_covered_display": "100.00", "num_branches": 2, "num_partial_branches": 0, "covered_branches": 2, "missing_branches": 0, "percent_branches_covered": 100.0, "percent_branches_covered_display": "100.00"}, "missing_lines": [], "excluded_lines": [], "start_line": 50, "executed_branches": [[57, 58], [57, 59]], "missing_branches": []}, "Watchlist.get_stock_config": {"executed_lines": [72, 73, 74, 75, 76, 77, 78], "summary": {"covered_lines": 7, "num_statements": 7, "percent_covered": 100.0, "percent_covered_display": "100.00", "missing_lines": 0, "excluded_lines": 0, "percent_statements_covered": 100.0, "percent_statements_covered_display": "100.00", "num_branches": 6, "num_partial_branches": 0, "covered_branches": 6, "missing_branches": 0, "percent_branches_covered": 100.0, "percent_branches_covered_display": "100.00"}, "missing_lines": [], "excluded_lines": [], "start_line": 62, "executed_branches": [[72, 73], [72, 74], [75, 76], [75, 78], [76, 75], [76, 77]], "missing_branches": []}, "Watchlist.get_alert_thresholds": {"executed_lines": [90, 91, 92, 93], "summary": {"covered_lines": 4, "num_statements": 4, "percent_covered": 100.0, "percent_covered_display": "100.00", "missing_lines": 0, "excluded_lines": 0, "percent_statements_covered": 100.0, "percent_statements_covered_display": "100.00", "num_branches": 2, "num_partial_branches": 0, "covered_branches": 2, "missing_branches": 0, "percent_branches_covered": 100.0, "percent_branches_covered_display": "100.00"}, "missing_lines": [], "excluded_lines": [], "start_line": 80, "executed_branches": [[91, 92], [91, 93]], "missing_branches": []}, "Watchlist.get_monitoring_frequency": {"executed_lines": [105, 106, 107, 108], "summary": {"covered_lines": 4, "num_statements": 4, "percent_covered": 100.0, "percent_covered_display": "100.00", "missing_lines": 0, "excluded_lines": 0, "percent_statements_covered": 100.0, "percent_statements_covered_display": "100.00", "num_branches": 2, "num_partial_branches": 0, "covered_branches": 2, "missing_branches": 0, "percent_branches_covered": 100.0, "percent_branches_covered_display": "100.00"}, "missing_lines": [], "excluded_lines": [], "start_line": 95, "executed_branches": [[106, 107], [106, 108]], "missing_branches": []}, "Watchlist.save": {"executed_lines": [117, 118, 119], "summary": {"covered_lines": 3, "num_statements": 3, "percent_covered": 100.0, "percent_covered_display": "100.00", "missing_lines": 0, "excluded_lines": 0, "percent_statements_covered": 100.0, "percent_statements_covered_display": "100.00", "num_branches": 0, "num_partial_branches": 0, "covered_branches": 0, "missing_branches": 0, "percent_branches_covered": 100.0, "percent_branches_covered_display": "100.00"}, "missing_lines": [], "excluded_lines": [], "start_line": 110, "executed_branches": [], "missing_branches": []}, "Watchlist.add_stock": {"executed_lines": [135, 138, 141, 142, 144, 145, 146, 147, 150, 155, 156, 157], "summary": {"covered_lines": 12, "num_statements": 13, "percent_covered": 89.47368421052632, "percent_covered_display": "89.47", "missing_lines": 1, "excluded_lines": 0, "percent_statements_covered": 92.3076923076923, "percent_statements_covered_display": "92.31", "num_branches": 6, "num_partial_branches": 1, "covered_branches": 5, "missing_branches": 1, "percent_branches_covered": 83.33333333333333, "percent_branches_covered_display": "83.33"}, "missing_lines": [136], "excluded_lines": [], "start_line": 121, "executed_branches": [[135, 138], [141, 142], [141, 150], [142, 141], [142, 144]], "missing_branches": [[135, 136]]}, "Watchlist.remove_stock": {"executed_lines": [169, 172, 173, 175, 177, 178, 179, 180, 181], "summary": {"covered_lines": 9, "num_statements": 10, "percent_covered": 85.71428571428571, "percent_covered_display": "85.71", "missing_lines": 1, "excluded_lines": 0, "percent_statements_covered": 90.0, "percent_statements_covered_display": "90.00", "num_branches": 4, "num_partial_branches": 1, "covered_branches": 3, "missing_branches": 1, "percent_branches_covered": 75.0, "percent_branches_covered_display": "75.00"}, "missing_lines": [170], "excluded_lines": [], "start_line": 159, "executed_branches": [[169, 172], [177, 178], [177, 181]], "missing_branches": [[169, 170]]}, "": {"executed_lines": [5, 6, 8, 11, 14, 29, 50, 62, 80, 95, 110, 121, 159], "summary": {"covered_lines": 13, "num_statements": 13, "percent_covered": 100.0, "percent_covered_display": "100.00", "missing_lines": 0, "excluded_lines": 0, "percent_statements_covered": 100.0, "percent_statements_covered_display": "100.00", "num_branches": 0, "num_partial_branches": 0, "covered_branches": 0, "missing_branches": 0, "percent_branches_covered": 100.0, "percent_branches_covered_display": "100.00"}, "missing_lines": [], "excluded_lines": [], "start_line": 1, "executed_branches": [], "missing_branches": []}}, "classes": {"Watchlist": {"executed_lines": [22, 23, 26, 27, 40, 41, 43, 44, 45, 46, 47, 48, 57, 58, 59, 60, 72, 73, 74, 75, 76, 77, 78, 90, 91, 92, 93, 105, 106, 107, 108, 117, 118, 119, 135, 138, 141, 142, 144, 145, 146, 147, 150, 155, 156, 157, 169, 172, 173, 175, 177, 178, 179, 180, 181], "summary": {"covered_lines": 55, "num_statements": 57, "percent_covered": 95.18072289156626, "percent_covered_display": "95.18", "missing_lines": 2, "excluded_lines": 0, "percent_statements_covered": 96.49122807017544, "percent_statements_covered_display": "96.49", "num_branches": 26, "num_partial_branches": 2, "covered_branches": 24, "missing_branches": 2, "percent_branches_covered": 92.3076923076923, "percent_branches_covered_display": "92.31"}, "missing_lines": [136, 170], "excluded_lines": [], "start_line": 11, "executed_branches": [[22, 23], [22, 26], [40, 41], [40, 43], [57, 58], [57, 59], [72, 73], [72, 74], [75, 76], [75, 78], [76, 75], [76, 77], [91, 92], [91, 93], [106, 107], [106, 108], [135, 138], [141, 142], [141, 150], [142, 141], [142, 144], [169, 172], [177, 178], [177, 181]], "missing_branches": [[135, 136], [169, 170]]}, "": {"executed_lines": [5, 6, 8, 11, 14, 29, 50, 62, 80, 95, 110, 121, 159], "summary": {"covered_lines": 13, "num_statements": 13, "percent_covered": 100.0, "percent_covered_display": "100.00", "missing_lines": 0, "excluded_lines": 0, "percent_statements_covered": 100.0, "percent_statements_covered_display": "100.00", "num_branches": 0, "num_partial_branches": 0, "covered_branches": 0, "missing_branches": 0, "percent_branches_covered": 100.0, "percent_branches_covered_display": "100.00"}, "missing_lines": [], "excluded_lines": [], "start_line": 1, "executed_branches": [], "missing_branches": []}}}, "vulture_whitelist.py": {"executed_lines": [], "summary": {"covered_lines": 0, "num_statements": 0, "percent_covered": 100.0, "percent_covered_display": "100.00", "missing_lines": 0, "excluded_lines": 0, "percent_statements_covered": 100.0, "percent_statements_covered_display": "100.00", "num_branches": 0, "num_partial_branches": 0, "covered_branches": 0, "missing_branches": 0, "percent_branches_covered": 100.0, "percent_branches_covered_display": "100.00"}, "missing_lines": [], "excluded_lines": [], "executed_branches": [], "missing_branches": [], "functions": {"": {"executed_lines": [], "summary": {"covered_lines": 0, "num_statements": 0, "percent_covered": 100.0, "percent_covered_display": "100.00", "missing_lines": 0, "excluded_lines": 0, "percent_statements_covered": 100.0, "percent_statements_covered_display": "100.00", "num_branches": 0, "num_partial_branches": 0, "covered_branches": 0, "missing_branches": 0, "percent_branches_covered": 100.0, "percent_branches_covered_display": "100.00"}, "missing_lines": [], "excluded_lines": [], "start_line": 1, "executed_branches": [], "missing_branches": []}}, "classes": {"": {"executed_lines": [], "summary": {"covered_lines": 0, "num_statements": 0, "percent_covered": 100.0, "percent_covered_display": "100.00", "missing_lines": 0, "excluded_lines": 0, "percent_statements_covered": 100.0, "percent_statements_covered_display": "100.00", "num_branches": 0, "num_partial_branches": 0, "covered_branches": 0, "missing_branches": 0, "percent_branches_covered": 100.0, "percent_branches_covered_display": "100.00"}, "missing_lines": [], "excluded_lines": [], "start_line": 1, "executed_branches": [], "missing_branches": []}}}}, "totals": {"covered_lines": 3968, "num_statements": 5060, "percent_covered": 76.85631629701061, "percent_covered_display": "76.86", "missing_lines": 1092, "excluded_lines": 41, "percent_statements_covered": 78.41897233201581, "percent_statements_covered_display": "78.42", "num_branches": 1162, "num_partial_branches": 124, "covered_branches": 814, "missing_branches": 348, "percent_branches_covered": 70.05163511187608, "percent_branches_covered_display": "70.05"}}